"../../../Engine/Content/EditorResources/S_Actor.ubulk" 0
"../../../Engine/Content/EditorResources/S_Actor.uasset" 1
"../../../Engine/Content/EditorResources/S_Actor.uexp" 2
"../../../Engine/Content/EditorResources/S_BoxReflectionCapture.uasset" 3
"../../../Engine/Content/EditorResources/S_BoxReflectionCapture.uexp" 4
"../../../Engine/Content/EngineResources/DefaultTexture.ubulk" 5
"../../../Engine/Content/EngineResources/DefaultTexture.uasset" 6
"../../../Engine/Content/EngineResources/DefaultTexture.uexp" 7
"../../../Engine/Content/EngineResources/DefaultTextureCube.uasset" 8
"../../../Engine/Content/EngineResources/DefaultTextureCube.uexp" 9
"../../../Engine/Content/EngineResources/DefaultVolumeTexture2D.uasset" 10
"../../../Engine/Content/EngineResources/DefaultVolumeTexture2D.uexp" 11
"../../../Engine/Content/EngineResources/DefaultVolumeTexture.uasset" 12
"../../../Engine/Content/EngineResources/DefaultVolumeTexture.uexp" 13
"../../../Engine/Content/EditorResources/S_Trigger.ubulk" 14
"../../../Engine/Content/EditorResources/S_Trigger.uasset" 15
"../../../Engine/Content/EditorResources/S_Trigger.uexp" 16
"../../../Engine/Content/EditorResources/S_TriggerBox.uasset" 17
"../../../Engine/Content/EditorResources/S_TriggerBox.uexp" 18
"../../../Engine/Content/EditorResources/S_TriggerCapsule.uasset" 19
"../../../Engine/Content/EditorResources/S_TriggerCapsule.uexp" 20
"../../../Engine/Content/EditorResources/S_TriggerSphere.uasset" 21
"../../../Engine/Content/EditorResources/S_TriggerSphere.uexp" 22
"../../../Engine/Content/EngineMeshes/Sphere.ubulk" 23
"../../../Engine/Content/EngineMeshes/Sphere.uasset" 24
"../../../Engine/Content/EngineMeshes/Sphere.uexp" 25
"../../../Engine/Content/EngineResources/GradientTexture0.uasset" 26
"../../../Engine/Content/EngineResources/GradientTexture0.uexp" 27
"../../../Engine/Content/EngineResources/Black.uasset" 28
"../../../Engine/Content/EngineResources/Black.uexp" 29
"../../../Engine/Content/VREditor/LaserPointer/VR_LaserPower_01.ubulk" 30
"../../../Engine/Content/VREditor/LaserPointer/VR_LaserPower_01.uasset" 31
"../../../Engine/Content/VREditor/LaserPointer/VR_LaserPower_01.uexp" 32
"../../../Engine/Content/VREditor/TransformGizmo/TransformGizmoMaterial.uasset" 33
"../../../Engine/Content/VREditor/TransformGizmo/TransformGizmoMaterial.uexp" 34
"../../../Engine/Content/VREditor/TransformGizmo/TranslucentTransformGizmoMaterial.uasset" 35
"../../../Engine/Content/VREditor/TransformGizmo/TranslucentTransformGizmoMaterial.uexp" 36
"../../../Engine/Content/VREditor/TransformGizmo/PlaneTranslationHandle.ubulk" 37
"../../../Engine/Content/VREditor/TransformGizmo/PlaneTranslationHandle.uasset" 38
"../../../Engine/Content/VREditor/TransformGizmo/PlaneTranslationHandle.uexp" 39
"../../../Engine/Content/VREditor/TransformGizmo/BoundingBoxCorner.ubulk" 40
"../../../Engine/Content/VREditor/TransformGizmo/BoundingBoxCorner.uasset" 41
"../../../Engine/Content/VREditor/TransformGizmo/BoundingBoxCorner.uexp" 42
"../../../Engine/Content/VREditor/TransformGizmo/BoundingBoxEdge.ubulk" 43
"../../../Engine/Content/VREditor/TransformGizmo/BoundingBoxEdge.uasset" 44
"../../../Engine/Content/VREditor/TransformGizmo/BoundingBoxEdge.uexp" 45
"../../../Engine/Content/VREditor/TransformGizmo/Main.uasset" 46
"../../../Engine/Content/VREditor/TransformGizmo/Main.uexp" 47
"../../../Engine/Content/VREditor/TransformGizmo/Xray.uasset" 48
"../../../Engine/Content/VREditor/TransformGizmo/Xray.uexp" 49
"../../../Engine/Content/VREditor/TransformGizmo/SM_Sequencer_Node.ubulk" 50
"../../../Engine/Content/VREditor/TransformGizmo/SM_Sequencer_Node.uasset" 51
"../../../Engine/Content/VREditor/TransformGizmo/SM_Sequencer_Node.uexp" 52
"../../../Engine/Content/EditorMaterials/Camera/CineMat.uasset" 53
"../../../Engine/Content/EditorMaterials/Camera/CineMat.uexp" 54
"../../../Engine/Content/EditorMaterials/Camera/MI_CineMat_Rig.uasset" 55
"../../../Engine/Content/EditorMaterials/Camera/MI_CineMat_Rig.uexp" 56
"../../../Engine/Content/EditorMeshes/Camera/SM_CraneRig_Base.ubulk" 57
"../../../Engine/Content/EditorMeshes/Camera/SM_CraneRig_Base.uasset" 58
"../../../Engine/Content/EditorMeshes/Camera/SM_CraneRig_Base.uexp" 59
"../../../Engine/Content/EditorMeshes/Camera/SM_CraneRig_Arm.ubulk" 60
"../../../Engine/Content/EditorMeshes/Camera/SM_CraneRig_Arm.uasset" 61
"../../../Engine/Content/EditorMeshes/Camera/SM_CraneRig_Arm.uexp" 62
"../../../Engine/Content/EditorMeshes/Camera/SM_CraneRig_Mount.ubulk" 63
"../../../Engine/Content/EditorMeshes/Camera/SM_CraneRig_Mount.uasset" 64
"../../../Engine/Content/EditorMeshes/Camera/SM_CraneRig_Mount.uexp" 65
"../../../Engine/Content/EditorMeshes/Camera/SM_CraneRig_Body.ubulk" 66
"../../../Engine/Content/EditorMeshes/Camera/SM_CraneRig_Body.uasset" 67
"../../../Engine/Content/EditorMeshes/Camera/SM_CraneRig_Body.uexp" 68
"../../../Engine/Content/EditorMeshes/Camera/SM_RailRig_Track.ubulk" 69
"../../../Engine/Content/EditorMeshes/Camera/SM_RailRig_Track.uasset" 70
"../../../Engine/Content/EditorMeshes/Camera/SM_RailRig_Track.uexp" 71
"../../../Engine/Content/EditorMeshes/Camera/SM_RailRig_Mount.ubulk" 72
"../../../Engine/Content/EditorMeshes/Camera/SM_RailRig_Mount.uasset" 73
"../../../Engine/Content/EditorMeshes/Camera/SM_RailRig_Mount.uexp" 74
"../../../Engine/Content/EngineMaterials/T_Default_Material_Grid_M.ubulk" 75
"../../../Engine/Content/EngineMaterials/T_Default_Material_Grid_M.uasset" 76
"../../../Engine/Content/EngineMaterials/T_Default_Material_Grid_M.uexp" 77
"../../../Engine/Content/EngineMaterials/T_Default_Material_Grid_N.ubulk" 78
"../../../Engine/Content/EngineMaterials/T_Default_Material_Grid_N.uasset" 79
"../../../Engine/Content/EngineMaterials/T_Default_Material_Grid_N.uexp" 80
"../../../Engine/Content/Functions/Engine_MaterialFunctions01/Opacity/CameraDepthFade.uasset" 81
"../../../Engine/Content/Functions/Engine_MaterialFunctions01/Opacity/CameraDepthFade.uexp" 82
"../../../Engine/Content/EngineMaterials/WorldGridMaterial.uasset" 83
"../../../Engine/Content/EngineMaterials/WorldGridMaterial.uexp" 84
"../../../Engine/Content/ArtTools/RenderToTexture/Meshes/S_1_Unit_Plane.ubulk" 85
"../../../Engine/Content/ArtTools/RenderToTexture/Meshes/S_1_Unit_Plane.uasset" 86
"../../../Engine/Content/ArtTools/RenderToTexture/Meshes/S_1_Unit_Plane.uexp" 87
"../../../Engine/Content/EditorMaterials/ParticleSystems/PSysThumbnail_NoImage.ubulk" 88
"../../../Engine/Content/EditorMaterials/ParticleSystems/PSysThumbnail_NoImage.uasset" 89
"../../../Engine/Content/EditorMaterials/ParticleSystems/PSysThumbnail_NoImage.uexp" 90
"../../../Engine/Content/EditorMaterials/ParticleSystems/PSysThumbnail_OOD.ubulk" 91
"../../../Engine/Content/EditorMaterials/ParticleSystems/PSysThumbnail_OOD.uasset" 92
"../../../Engine/Content/EditorMaterials/ParticleSystems/PSysThumbnail_OOD.uexp" 93
"../../../Engine/Content/EditorLandscapeResources/SplineEditorMeshMat.uasset" 94
"../../../Engine/Content/EditorLandscapeResources/SplineEditorMeshMat.uexp" 95
"../../../Engine/Content/EditorLandscapeResources/SplineEditorMesh.ubulk" 96
"../../../Engine/Content/EditorLandscapeResources/SplineEditorMesh.uasset" 97
"../../../Engine/Content/EditorLandscapeResources/SplineEditorMesh.uexp" 98
"../../../Engine/Content/EditorResources/S_Solver.ubulk" 99
"../../../Engine/Content/EditorResources/S_Solver.uasset" 100
"../../../Engine/Content/EditorResources/S_Solver.uexp" 101
"../../../Engine/Plugins/Media/MediaPlate/Content/SM_MediaPlateScreen.ubulk" 102
"../../../Engine/Plugins/Media/MediaPlate/Content/SM_MediaPlateScreen.uasset" 103
"../../../Engine/Plugins/Media/MediaPlate/Content/SM_MediaPlateScreen.uexp" 104
"../../../Engine/Content/EngineMaterials/Good64x64TilingNoiseHighFreq.uasset" 105
"../../../Engine/Content/EngineMaterials/Good64x64TilingNoiseHighFreq.uexp" 106
"../../../Engine/Content/EngineMaterials/DefaultBokeh.uasset" 107
"../../../Engine/Content/EngineMaterials/DefaultBokeh.uexp" 108
"../../../Engine/Content/EngineMaterials/PreintegratedSkinBRDF.uasset" 109
"../../../Engine/Content/EngineMaterials/PreintegratedSkinBRDF.uexp" 110
"../../../Engine/Content/EngineMaterials/MiniFont.uasset" 111
"../../../Engine/Content/EngineMaterials/MiniFont.uexp" 112
"../../../Engine/Content/EngineMaterials/WeightMapPlaceholderTexture.uasset" 113
"../../../Engine/Content/EngineMaterials/WeightMapPlaceholderTexture.uexp" 114
"../../../Engine/Content/EngineMaterials/DefaultWhiteGrid.ubulk" 115
"../../../Engine/Content/EngineMaterials/DefaultWhiteGrid.uasset" 116
"../../../Engine/Content/EngineMaterials/DefaultWhiteGrid.uexp" 117
"../../../Engine/Plugins/2D/Paper2D/Content/PlaceholderTextures/DummySpriteTexture.ubulk" 118
"../../../Engine/Plugins/2D/Paper2D/Content/PlaceholderTextures/DummySpriteTexture.uasset" 119
"../../../Engine/Plugins/2D/Paper2D/Content/PlaceholderTextures/DummySpriteTexture.uexp" 120
"../../../Engine/Plugins/2D/Paper2D/Content/DefaultSpriteMaterial.uasset" 121
"../../../Engine/Plugins/2D/Paper2D/Content/DefaultSpriteMaterial.uexp" 122
"../../../Engine/Plugins/2D/Paper2D/Content/OpaqueUnlitSpriteMaterial.uasset" 123
"../../../Engine/Plugins/2D/Paper2D/Content/OpaqueUnlitSpriteMaterial.uexp" 124
"../../../Engine/Plugins/2D/Paper2D/Content/MaskedUnlitSpriteMaterial.uasset" 125
"../../../Engine/Plugins/2D/Paper2D/Content/MaskedUnlitSpriteMaterial.uexp" 126
"../../../Engine/Plugins/2D/Paper2D/Content/DummySprite.uasset" 127
"../../../Engine/Plugins/2D/Paper2D/Content/DummySprite.uexp" 128
"../../../Engine/Plugins/2D/Paper2D/Content/DefaultPaperTerrainMaterial.uasset" 129
"../../../Engine/Plugins/2D/Paper2D/Content/DefaultPaperTerrainMaterial.uexp" 130
"../../../Engine/Content/Functions/Engine_MaterialFunctions02/WorldPositionOffset/CameraOffset.uasset" 131
"../../../Engine/Content/Functions/Engine_MaterialFunctions02/WorldPositionOffset/CameraOffset.uexp" 132
"../../../Engine/Plugins/Animation/ControlRig/Content/M_Manip.uasset" 133
"../../../Engine/Plugins/Animation/ControlRig/Content/M_Manip.uexp" 134
"../../../Engine/Content/EngineMaterials/DefaultMaterial.uasset" 135
"../../../Engine/Content/EngineMaterials/DefaultMaterial.uexp" 136
"../../../Engine/Content/BasicShapes/Sphere.ubulk" 137
"../../../Engine/Content/BasicShapes/Sphere.uasset" 138
"../../../Engine/Content/BasicShapes/Sphere.uexp" 139
"../../../Engine/Content/BasicShapes/Plane.ubulk" 140
"../../../Engine/Content/BasicShapes/Plane.uasset" 141
"../../../Engine/Content/BasicShapes/Plane.uexp" 142
"../../../Engine/Content/BasicShapes/Cylinder.ubulk" 143
"../../../Engine/Content/BasicShapes/Cylinder.uasset" 144
"../../../Engine/Content/BasicShapes/Cylinder.uexp" 145
"../../../Engine/Content/BasicShapes/Cube.ubulk" 146
"../../../Engine/Content/BasicShapes/Cube.uasset" 147
"../../../Engine/Content/BasicShapes/Cube.uexp" 148
"../../../Engine/Content/BasicShapes/Cone.ubulk" 149
"../../../Engine/Content/BasicShapes/Cone.uasset" 150
"../../../Engine/Content/BasicShapes/Cone.uexp" 151
"../../../Engine/Content/EngineResources/WhiteSquareTexture.uasset" 152
"../../../Engine/Content/EngineResources/WhiteSquareTexture.uexp" 153
"../../../Engine/Content/EngineMaterials/Widget3DPassThrough.uasset" 154
"../../../Engine/Content/EngineMaterials/Widget3DPassThrough.uexp" 155
"../../../Engine/Content/EngineMaterials/Widget3DPassThrough_Translucent.uasset" 156
"../../../Engine/Content/EngineMaterials/Widget3DPassThrough_Translucent.uexp" 157
"../../../Engine/Content/EngineMaterials/Widget3DPassThrough_Translucent_OneSided.uasset" 158
"../../../Engine/Content/EngineMaterials/Widget3DPassThrough_Translucent_OneSided.uexp" 159
"../../../Engine/Content/EngineMaterials/Widget3DPassThrough_Opaque.uasset" 160
"../../../Engine/Content/EngineMaterials/Widget3DPassThrough_Opaque.uexp" 161
"../../../Engine/Content/EngineMaterials/Widget3DPassThrough_Opaque_OneSided.uasset" 162
"../../../Engine/Content/EngineMaterials/Widget3DPassThrough_Opaque_OneSided.uexp" 163
"../../../Engine/Content/EngineMaterials/Widget3DPassThrough_Masked_OneSided.uasset" 164
"../../../Engine/Content/EngineMaterials/Widget3DPassThrough_Masked_OneSided.uexp" 165
"../../../Engine/Content/EngineMaterials/Widget3DPassThrough_Masked.uasset" 166
"../../../Engine/Content/EngineMaterials/Widget3DPassThrough_Masked.uexp" 167
"../../../Engine/Content/EngineMaterials/STBlueNoise_vec2_128x128x64.uasset" 168
"../../../Engine/Content/EngineMaterials/STBlueNoise_vec2_128x128x64.uexp" 169
"../../../Engine/Content/EngineMaterials/STBlueNoise_scalar_128x128x64.uasset" 170
"../../../Engine/Content/EngineMaterials/STBlueNoise_scalar_128x128x64.uexp" 171
"../../../Engine/Content/EngineMaterials/RemoveSurfaceMaterial.uasset" 172
"../../../Engine/Content/EngineMaterials/RemoveSurfaceMaterial.uexp" 173
"../../../Engine/Content/EngineMaterials/DefaultCalibrationGrayscale.uasset" 174
"../../../Engine/Content/EngineMaterials/DefaultCalibrationGrayscale.uexp" 175
"../../../Engine/Content/EngineMaterials/PPM_DefaultCalibrationGrayscale.uasset" 176
"../../../Engine/Content/EngineMaterials/PPM_DefaultCalibrationGrayscale.uexp" 177
"../../../Engine/Content/EngineMaterials/DefaultCalibrationColor.uasset" 178
"../../../Engine/Content/EngineMaterials/DefaultCalibrationColor.uexp" 179
"../../../Engine/Content/EngineMaterials/PPM_DefaultCalibrationColor.uasset" 180
"../../../Engine/Content/EngineMaterials/PPM_DefaultCalibrationColor.uexp" 181
"../../../Engine/Content/EngineMaterials/PhAT_JointLimitMaterial.uasset" 182
"../../../Engine/Content/EngineMaterials/PhAT_JointLimitMaterial.uexp" 183
"../../../Engine/Content/EngineMaterials/NaniteHiddenSectionMaterial.uasset" 184
"../../../Engine/Content/EngineMaterials/NaniteHiddenSectionMaterial.uexp" 185
"../../../Engine/Content/EngineMaterials/InvalidLightmapSettings.ubulk" 186
"../../../Engine/Content/EngineMaterials/InvalidLightmapSettings.uasset" 187
"../../../Engine/Content/EngineMaterials/InvalidLightmapSettings.uexp" 188
"../../../Engine/Content/EngineMaterials/M_InvalidLightmapSettings.uasset" 189
"../../../Engine/Content/EngineMaterials/M_InvalidLightmapSettings.uexp" 190
"../../../Engine/Plugins/Animation/ControlRig/Content/Controls/ControlRig_Wedge_solid.ubulk" 191
"../../../Engine/Plugins/Animation/ControlRig/Content/Controls/ControlRig_Wedge_solid.uasset" 192
"../../../Engine/Plugins/Animation/ControlRig/Content/Controls/ControlRig_Wedge_solid.uexp" 193
"../../../Engine/Plugins/Animation/ControlRig/Content/Controls/ControlRig_Wedge_3mm.ubulk" 194
"../../../Engine/Plugins/Animation/ControlRig/Content/Controls/ControlRig_Wedge_3mm.uasset" 195
"../../../Engine/Plugins/Animation/ControlRig/Content/Controls/ControlRig_Wedge_3mm.uexp" 196
"../../../Engine/Plugins/Animation/ControlRig/Content/Controls/ControlRig_Wedge_1mm.ubulk" 197
"../../../Engine/Plugins/Animation/ControlRig/Content/Controls/ControlRig_Wedge_1mm.uasset" 198
"../../../Engine/Plugins/Animation/ControlRig/Content/Controls/ControlRig_Wedge_1mm.uexp" 199
"../../../Engine/Plugins/Animation/ControlRig/Content/Controls/ControlRig_Triangle_solid.ubulk" 200
"../../../Engine/Plugins/Animation/ControlRig/Content/Controls/ControlRig_Triangle_solid.uasset" 201
"../../../Engine/Plugins/Animation/ControlRig/Content/Controls/ControlRig_Triangle_solid.uexp" 202
"../../../Engine/Plugins/Animation/ControlRig/Content/Controls/ControlRig_Triangle_3mm.ubulk" 203
"../../../Engine/Plugins/Animation/ControlRig/Content/Controls/ControlRig_Triangle_3mm.uasset" 204
"../../../Engine/Plugins/Animation/ControlRig/Content/Controls/ControlRig_Triangle_3mm.uexp" 205
"../../../Engine/Plugins/Animation/ControlRig/Content/Controls/ControlRig_Triangle_1mm.ubulk" 206
"../../../Engine/Plugins/Animation/ControlRig/Content/Controls/ControlRig_Triangle_1mm.uasset" 207
"../../../Engine/Plugins/Animation/ControlRig/Content/Controls/ControlRig_Triangle_1mm.uexp" 208
"../../../Engine/Plugins/Animation/ControlRig/Content/Controls/ControlRig_Star4_solid.ubulk" 209
"../../../Engine/Plugins/Animation/ControlRig/Content/Controls/ControlRig_Star4_solid.uasset" 210
"../../../Engine/Plugins/Animation/ControlRig/Content/Controls/ControlRig_Star4_solid.uexp" 211
"../../../Engine/Plugins/Animation/ControlRig/Content/Controls/ControlRig_Star4_3mm.ubulk" 212
"../../../Engine/Plugins/Animation/ControlRig/Content/Controls/ControlRig_Star4_3mm.uasset" 213
"../../../Engine/Plugins/Animation/ControlRig/Content/Controls/ControlRig_Star4_3mm.uexp" 214
"../../../Engine/Plugins/Animation/ControlRig/Content/Controls/ControlRig_Star4_1mm.ubulk" 215
"../../../Engine/Plugins/Animation/ControlRig/Content/Controls/ControlRig_Star4_1mm.uasset" 216
"../../../Engine/Plugins/Animation/ControlRig/Content/Controls/ControlRig_Star4_1mm.uexp" 217
"../../../Engine/Plugins/Animation/ControlRig/Content/Controls/ControlRig_Square_solid.ubulk" 218
"../../../Engine/Plugins/Animation/ControlRig/Content/Controls/ControlRig_Square_solid.uasset" 219
"../../../Engine/Plugins/Animation/ControlRig/Content/Controls/ControlRig_Square_solid.uexp" 220
"../../../Engine/Plugins/Animation/ControlRig/Content/Controls/ControlRig_Square_3mm.ubulk" 221
"../../../Engine/Plugins/Animation/ControlRig/Content/Controls/ControlRig_Square_3mm.uasset" 222
"../../../Engine/Plugins/Animation/ControlRig/Content/Controls/ControlRig_Square_3mm.uexp" 223
"../../../Engine/Plugins/Animation/ControlRig/Content/Controls/ControlRig_Square_1mm.ubulk" 224
"../../../Engine/Plugins/Animation/ControlRig/Content/Controls/ControlRig_Square_1mm.uasset" 225
"../../../Engine/Plugins/Animation/ControlRig/Content/Controls/ControlRig_Square_1mm.uexp" 226
"../../../Engine/Plugins/Animation/ControlRig/Content/Controls/ControlRig_Sphere_solid.ubulk" 227
"../../../Engine/Plugins/Animation/ControlRig/Content/Controls/ControlRig_Sphere_solid.uasset" 228
"../../../Engine/Plugins/Animation/ControlRig/Content/Controls/ControlRig_Sphere_solid.uexp" 229
"../../../Engine/Plugins/Animation/ControlRig/Content/Controls/ControlRig_Sphere_3mm.ubulk" 230
"../../../Engine/Plugins/Animation/ControlRig/Content/Controls/ControlRig_Sphere_3mm.uasset" 231
"../../../Engine/Plugins/Animation/ControlRig/Content/Controls/ControlRig_Sphere_3mm.uexp" 232
"../../../Engine/Plugins/Animation/ControlRig/Content/Controls/ControlRig_Sphere_1mm.ubulk" 233
"../../../Engine/Plugins/Animation/ControlRig/Content/Controls/ControlRig_Sphere_1mm.uasset" 234
"../../../Engine/Plugins/Animation/ControlRig/Content/Controls/ControlRig_Sphere_1mm.uexp" 235
"../../../Engine/Plugins/Animation/ControlRig/Content/Controls/ControlRig_RoundedTriangle_solid.ubulk" 236
"../../../Engine/Plugins/Animation/ControlRig/Content/Controls/ControlRig_RoundedTriangle_solid.uasset" 237
"../../../Engine/Plugins/Animation/ControlRig/Content/Controls/ControlRig_RoundedTriangle_solid.uexp" 238
"../../../Engine/Plugins/Animation/ControlRig/Content/Controls/ControlRig_RoundedTriangle_3mm.ubulk" 239
"../../../Engine/Plugins/Animation/ControlRig/Content/Controls/ControlRig_RoundedTriangle_3mm.uasset" 240
"../../../Engine/Plugins/Animation/ControlRig/Content/Controls/ControlRig_RoundedTriangle_3mm.uexp" 241
"../../../Engine/Plugins/Animation/ControlRig/Content/Controls/ControlRig_RoundedTriangle_1mm.ubulk" 242
"../../../Engine/Plugins/Animation/ControlRig/Content/Controls/ControlRig_RoundedTriangle_1mm.uasset" 243
"../../../Engine/Plugins/Animation/ControlRig/Content/Controls/ControlRig_RoundedTriangle_1mm.uexp" 244
"../../../Engine/Plugins/Animation/ControlRig/Content/Controls/ControlRig_RoundedSquare_solid.ubulk" 245
"../../../Engine/Plugins/Animation/ControlRig/Content/Controls/ControlRig_RoundedSquare_solid.uasset" 246
"../../../Engine/Plugins/Animation/ControlRig/Content/Controls/ControlRig_RoundedSquare_solid.uexp" 247
"../../../Engine/Plugins/Animation/ControlRig/Content/Controls/ControlRig_RoundedSquare_3mm.ubulk" 248
"../../../Engine/Plugins/Animation/ControlRig/Content/Controls/ControlRig_RoundedSquare_3mm.uasset" 249
"../../../Engine/Plugins/Animation/ControlRig/Content/Controls/ControlRig_RoundedSquare_3mm.uexp" 250
"../../../Engine/Plugins/Animation/ControlRig/Content/Controls/ControlRig_RoundedSquare_1mm.ubulk" 251
"../../../Engine/Plugins/Animation/ControlRig/Content/Controls/ControlRig_RoundedSquare_1mm.uasset" 252
"../../../Engine/Plugins/Animation/ControlRig/Content/Controls/ControlRig_RoundedSquare_1mm.uexp" 253
"../../../Engine/Plugins/Animation/ControlRig/Content/Controls/ControlRig_QuarterCircle_solid.ubulk" 254
"../../../Engine/Plugins/Animation/ControlRig/Content/Controls/ControlRig_QuarterCircle_solid.uasset" 255
"../../../Engine/Plugins/Animation/ControlRig/Content/Controls/ControlRig_QuarterCircle_solid.uexp" 256
"../../../Engine/Plugins/Animation/ControlRig/Content/Controls/ControlRig_QuarterCircle_3mm.ubulk" 257
"../../../Engine/Plugins/Animation/ControlRig/Content/Controls/ControlRig_QuarterCircle_3mm.uasset" 258
"../../../Engine/Plugins/Animation/ControlRig/Content/Controls/ControlRig_QuarterCircle_3mm.uexp" 259
"../../../Engine/Plugins/Animation/ControlRig/Content/Controls/ControlRig_QuarterCircle_1mm.ubulk" 260
"../../../Engine/Plugins/Animation/ControlRig/Content/Controls/ControlRig_QuarterCircle_1mm.uasset" 261
"../../../Engine/Plugins/Animation/ControlRig/Content/Controls/ControlRig_QuarterCircle_1mm.uexp" 262
"../../../Engine/Plugins/Animation/ControlRig/Content/Controls/ControlRig_Pyramid_solid.ubulk" 263
"../../../Engine/Plugins/Animation/ControlRig/Content/Controls/ControlRig_Pyramid_solid.uasset" 264
"../../../Engine/Plugins/Animation/ControlRig/Content/Controls/ControlRig_Pyramid_solid.uexp" 265
"../../../Engine/Plugins/Animation/ControlRig/Content/Controls/ControlRig_Pyramid_3mm.ubulk" 266
"../../../Engine/Plugins/Animation/ControlRig/Content/Controls/ControlRig_Pyramid_3mm.uasset" 267
"../../../Engine/Plugins/Animation/ControlRig/Content/Controls/ControlRig_Pyramid_3mm.uexp" 268
"../../../Engine/Plugins/Animation/ControlRig/Content/Controls/ControlRig_Pyramid_1mm.ubulk" 269
"../../../Engine/Plugins/Animation/ControlRig/Content/Controls/ControlRig_Pyramid_1mm.uasset" 270
"../../../Engine/Plugins/Animation/ControlRig/Content/Controls/ControlRig_Pyramid_1mm.uexp" 271
"../../../Engine/Plugins/Animation/ControlRig/Content/Controls/ControlRig_Octagon_solid.ubulk" 272
"../../../Engine/Plugins/Animation/ControlRig/Content/Controls/ControlRig_Octagon_solid.uasset" 273
"../../../Engine/Plugins/Animation/ControlRig/Content/Controls/ControlRig_Octagon_solid.uexp" 274
"../../../Engine/Plugins/Animation/ControlRig/Content/Controls/ControlRig_Octagon_3mm.ubulk" 275
"../../../Engine/Plugins/Animation/ControlRig/Content/Controls/ControlRig_Octagon_3mm.uasset" 276
"../../../Engine/Plugins/Animation/ControlRig/Content/Controls/ControlRig_Octagon_3mm.uexp" 277
"../../../Engine/Plugins/Animation/ControlRig/Content/Controls/ControlRig_Octagon_1mm.ubulk" 278
"../../../Engine/Plugins/Animation/ControlRig/Content/Controls/ControlRig_Octagon_1mm.uasset" 279
"../../../Engine/Plugins/Animation/ControlRig/Content/Controls/ControlRig_Octagon_1mm.uexp" 280
"../../../Engine/Plugins/Animation/ControlRig/Content/Controls/ControlRig_Hexagon_solid.ubulk" 281
"../../../Engine/Plugins/Animation/ControlRig/Content/Controls/ControlRig_Hexagon_solid.uasset" 282
"../../../Engine/Plugins/Animation/ControlRig/Content/Controls/ControlRig_Hexagon_solid.uexp" 283
"../../../Engine/Plugins/Animation/ControlRig/Content/Controls/ControlRig_Hexagon_3mm.ubulk" 284
"../../../Engine/Plugins/Animation/ControlRig/Content/Controls/ControlRig_Hexagon_3mm.uasset" 285
"../../../Engine/Plugins/Animation/ControlRig/Content/Controls/ControlRig_Hexagon_3mm.uexp" 286
"../../../Engine/Plugins/Animation/ControlRig/Content/Controls/ControlRig_Hexagon_1mm.ubulk" 287
"../../../Engine/Plugins/Animation/ControlRig/Content/Controls/ControlRig_Hexagon_1mm.uasset" 288
"../../../Engine/Plugins/Animation/ControlRig/Content/Controls/ControlRig_Hexagon_1mm.uexp" 289
"../../../Engine/Plugins/Animation/ControlRig/Content/Controls/ControlRig_HalfCircle_solid.ubulk" 290
"../../../Engine/Plugins/Animation/ControlRig/Content/Controls/ControlRig_HalfCircle_solid.uasset" 291
"../../../Engine/Plugins/Animation/ControlRig/Content/Controls/ControlRig_HalfCircle_solid.uexp" 292
"../../../Engine/Plugins/Animation/ControlRig/Content/Controls/ControlRig_HalfCircle_3mm.ubulk" 293
"../../../Engine/Plugins/Animation/ControlRig/Content/Controls/ControlRig_HalfCircle_3mm.uasset" 294
"../../../Engine/Plugins/Animation/ControlRig/Content/Controls/ControlRig_HalfCircle_3mm.uexp" 295
"../../../Engine/Plugins/Animation/ControlRig/Content/Controls/ControlRig_HalfCircle_1mm.ubulk" 296
"../../../Engine/Plugins/Animation/ControlRig/Content/Controls/ControlRig_HalfCircle_1mm.uasset" 297
"../../../Engine/Plugins/Animation/ControlRig/Content/Controls/ControlRig_HalfCircle_1mm.uexp" 298
"../../../Engine/Plugins/Animation/ControlRig/Content/Controls/ControlRig_Diamond_solid.ubulk" 299
"../../../Engine/Plugins/Animation/ControlRig/Content/Controls/ControlRig_Diamond_solid.uasset" 300
"../../../Engine/Plugins/Animation/ControlRig/Content/Controls/ControlRig_Diamond_solid.uexp" 301
"../../../Engine/Plugins/Animation/ControlRig/Content/Controls/ControlRig_Diamond_3mm.ubulk" 302
"../../../Engine/Plugins/Animation/ControlRig/Content/Controls/ControlRig_Diamond_3mm.uasset" 303
"../../../Engine/Plugins/Animation/ControlRig/Content/Controls/ControlRig_Diamond_3mm.uexp" 304
"../../../Engine/Plugins/Animation/ControlRig/Content/Controls/ControlRig_Diamond_1mm.ubulk" 305
"../../../Engine/Plugins/Animation/ControlRig/Content/Controls/ControlRig_Diamond_1mm.uasset" 306
"../../../Engine/Plugins/Animation/ControlRig/Content/Controls/ControlRig_Diamond_1mm.uexp" 307
"../../../Engine/Plugins/Animation/ControlRig/Content/Controls/ControlRig_Circle_solid.ubulk" 308
"../../../Engine/Plugins/Animation/ControlRig/Content/Controls/ControlRig_Circle_solid.uasset" 309
"../../../Engine/Plugins/Animation/ControlRig/Content/Controls/ControlRig_Circle_solid.uexp" 310
"../../../Engine/Plugins/Animation/ControlRig/Content/Controls/ControlRig_Circle_3mm.ubulk" 311
"../../../Engine/Plugins/Animation/ControlRig/Content/Controls/ControlRig_Circle_3mm.uasset" 312
"../../../Engine/Plugins/Animation/ControlRig/Content/Controls/ControlRig_Circle_3mm.uexp" 313
"../../../Engine/Plugins/Animation/ControlRig/Content/Controls/ControlRig_Circle_1mm.ubulk" 314
"../../../Engine/Plugins/Animation/ControlRig/Content/Controls/ControlRig_Circle_1mm.uasset" 315
"../../../Engine/Plugins/Animation/ControlRig/Content/Controls/ControlRig_Circle_1mm.uexp" 316
"../../../Engine/Plugins/Animation/ControlRig/Content/Controls/ControlRig_Box_solid.ubulk" 317
"../../../Engine/Plugins/Animation/ControlRig/Content/Controls/ControlRig_Box_solid.uasset" 318
"../../../Engine/Plugins/Animation/ControlRig/Content/Controls/ControlRig_Box_solid.uexp" 319
"../../../Engine/Plugins/Animation/ControlRig/Content/Controls/ControlRig_Box_3mm.ubulk" 320
"../../../Engine/Plugins/Animation/ControlRig/Content/Controls/ControlRig_Box_3mm.uasset" 321
"../../../Engine/Plugins/Animation/ControlRig/Content/Controls/ControlRig_Box_3mm.uexp" 322
"../../../Engine/Plugins/Animation/ControlRig/Content/Controls/ControlRig_Box_1mm.ubulk" 323
"../../../Engine/Plugins/Animation/ControlRig/Content/Controls/ControlRig_Box_1mm.uasset" 324
"../../../Engine/Plugins/Animation/ControlRig/Content/Controls/ControlRig_Box_1mm.uexp" 325
"../../../Engine/Plugins/Animation/ControlRig/Content/Controls/ControlRig_Arrow_solid.ubulk" 326
"../../../Engine/Plugins/Animation/ControlRig/Content/Controls/ControlRig_Arrow_solid.uasset" 327
"../../../Engine/Plugins/Animation/ControlRig/Content/Controls/ControlRig_Arrow_solid.uexp" 328
"../../../Engine/Plugins/Animation/ControlRig/Content/Controls/ControlRig_Arrow_3mm.ubulk" 329
"../../../Engine/Plugins/Animation/ControlRig/Content/Controls/ControlRig_Arrow_3mm.uasset" 330
"../../../Engine/Plugins/Animation/ControlRig/Content/Controls/ControlRig_Arrow_3mm.uexp" 331
"../../../Engine/Plugins/Animation/ControlRig/Content/Controls/ControlRig_Arrow_1mm.ubulk" 332
"../../../Engine/Plugins/Animation/ControlRig/Content/Controls/ControlRig_Arrow_1mm.uasset" 333
"../../../Engine/Plugins/Animation/ControlRig/Content/Controls/ControlRig_Arrow_1mm.uexp" 334
"../../../Engine/Plugins/Animation/ControlRig/Content/Controls/ControlRig_Arrow4_solid.ubulk" 335
"../../../Engine/Plugins/Animation/ControlRig/Content/Controls/ControlRig_Arrow4_solid.uasset" 336
"../../../Engine/Plugins/Animation/ControlRig/Content/Controls/ControlRig_Arrow4_solid.uexp" 337
"../../../Engine/Plugins/Animation/ControlRig/Content/Controls/ControlRig_Arrow4_3mm.ubulk" 338
"../../../Engine/Plugins/Animation/ControlRig/Content/Controls/ControlRig_Arrow4_3mm.uasset" 339
"../../../Engine/Plugins/Animation/ControlRig/Content/Controls/ControlRig_Arrow4_3mm.uexp" 340
"../../../Engine/Plugins/Runtime/MeshModelingToolset/Content/Materials/M_DynamicMeshComponentVtxColor.uasset" 341
"../../../Engine/Plugins/Runtime/MeshModelingToolset/Content/Materials/M_DynamicMeshComponentVtxColor.uexp" 342
"../../../Engine/Plugins/Interchange/Runtime/Content/Pipelines/DefaultTexturePipeline.uasset" 343
"../../../Engine/Plugins/Interchange/Runtime/Content/Pipelines/DefaultTexturePipeline.uexp" 344
"../../../Engine/Plugins/Interchange/Runtime/Content/Pipelines/DefaultSceneLevelPipeline.uasset" 345
"../../../Engine/Plugins/Interchange/Runtime/Content/Pipelines/DefaultSceneLevelPipeline.uexp" 346
"../../../Engine/Plugins/Interchange/Runtime/Content/Pipelines/DefaultSceneAssetsPipeline.uasset" 347
"../../../Engine/Plugins/Interchange/Runtime/Content/Pipelines/DefaultSceneAssetsPipeline.uexp" 348
"../../../Engine/Plugins/Interchange/Runtime/Content/Pipelines/DefaultMaterialPipeline.uasset" 349
"../../../Engine/Plugins/Interchange/Runtime/Content/Pipelines/DefaultMaterialPipeline.uexp" 350
"../../../Engine/Plugins/Interchange/Runtime/Content/Pipelines/DefaultAssetsPipeline.uasset" 351
"../../../Engine/Plugins/Interchange/Runtime/Content/Pipelines/DefaultAssetsPipeline.uexp" 352
"../../../Engine/Plugins/Editor/SpeedTreeImporter/Content/SpeedTree9/game_wind_noise.ubulk" 353
"../../../Engine/Plugins/Editor/SpeedTreeImporter/Content/SpeedTree9/game_wind_noise.uasset" 354
"../../../Engine/Plugins/Editor/SpeedTreeImporter/Content/SpeedTree9/game_wind_noise.uexp" 355
"../../../Engine/Plugins/Editor/SpeedTreeImporter/Content/SpeedTree9/UnpackDirection.uasset" 356
"../../../Engine/Plugins/Editor/SpeedTreeImporter/Content/SpeedTree9/UnpackDirection.uexp" 357
"../../../Engine/Content/Functions/Engine_MaterialFunctions02/ObjectLocalBounds.uasset" 358
"../../../Engine/Content/Functions/Engine_MaterialFunctions02/ObjectLocalBounds.uexp" 359
"../../../Engine/Content/Functions/Engine_MaterialFunctions02/Utility/BreakOutFloat3Components.uasset" 360
"../../../Engine/Content/Functions/Engine_MaterialFunctions02/Utility/BreakOutFloat3Components.uexp" 361
"../../../Engine/Content/Functions/Engine_MaterialFunctions02/UVs/BoundingBoxBased_0-1_UVW.uasset" 362
"../../../Engine/Content/Functions/Engine_MaterialFunctions02/UVs/BoundingBoxBased_0-1_UVW.uexp" 363
"../../../Engine/Content/Functions/Engine_MaterialFunctions02/Utility/VectorLength.uasset" 364
"../../../Engine/Content/Functions/Engine_MaterialFunctions02/Utility/VectorLength.uexp" 365
"../../../Engine/Plugins/Editor/SpeedTreeImporter/Content/SpeedTree9/UnpackInteger3.uasset" 366
"../../../Engine/Plugins/Editor/SpeedTreeImporter/Content/SpeedTree9/UnpackInteger3.uexp" 367
"../../../Engine/Plugins/Editor/SpeedTreeImporter/Content/SpeedTree9/SpeedTreeCameraFacing.uasset" 368
"../../../Engine/Plugins/Editor/SpeedTreeImporter/Content/SpeedTree9/SpeedTreeCameraFacing.uexp" 369
"../../../Engine/Content/Functions/Engine_MaterialFunctions02/WorldPositionOffset/ObjectScale.uasset" 370
"../../../Engine/Content/Functions/Engine_MaterialFunctions02/WorldPositionOffset/ObjectScale.uexp" 371
"../../../Engine/Content/Functions/Engine_MaterialFunctions02/SafeNormalize.uasset" 372
"../../../Engine/Content/Functions/Engine_MaterialFunctions02/SafeNormalize.uexp" 373
"../../../Engine/Plugins/Editor/SpeedTreeImporter/Content/SpeedTree9/SpeedTreeWindMotion.uasset" 374
"../../../Engine/Plugins/Editor/SpeedTreeImporter/Content/SpeedTree9/SpeedTreeWindMotion.uexp" 375
"../../../Engine/Plugins/Editor/SpeedTreeImporter/Content/SpeedTree9/SpeedTreeBranchMotion.uasset" 376
"../../../Engine/Plugins/Editor/SpeedTreeImporter/Content/SpeedTree9/SpeedTreeBranchMotion.uexp" 377
"../../../Engine/Plugins/Editor/SpeedTreeImporter/Content/SpeedTree9/SpeedTreeWind.uasset" 378
"../../../Engine/Plugins/Editor/SpeedTreeImporter/Content/SpeedTree9/SpeedTreeWind.uexp" 379
"../../../Engine/Plugins/Editor/SpeedTreeImporter/Content/SpeedTree9/EmptyNormal.uasset" 380
"../../../Engine/Plugins/Editor/SpeedTreeImporter/Content/SpeedTree9/EmptyNormal.uexp" 381
"../../../Engine/Plugins/Editor/SpeedTreeImporter/Content/SpeedTree9/Empty.uasset" 382
"../../../Engine/Plugins/Editor/SpeedTreeImporter/Content/SpeedTree9/Empty.uexp" 383
"../../../Engine/Plugins/Editor/SpeedTreeImporter/Content/SpeedTree9/SpeedTreeMaster.uasset" 384
"../../../Engine/Plugins/Editor/SpeedTreeImporter/Content/SpeedTree9/SpeedTreeMaster.uexp" 385
"../../../Engine/Plugins/Editor/SpeedTreeImporter/Content/SpeedTree9/SpeedTreeBillboard.uasset" 386
"../../../Engine/Plugins/Editor/SpeedTreeImporter/Content/SpeedTree9/SpeedTreeBillboard.uexp" 387
"../../../Engine/Plugins/Editor/SpeedTreeImporter/Content/SpeedTree9/SpeedTreeBillboardMaster.uasset" 388
"../../../Engine/Plugins/Editor/SpeedTreeImporter/Content/SpeedTree9/SpeedTreeBillboardMaster.uexp" 389
"../../../Engine/Plugins/Animation/ControlRig/Content/Controls/ControlRig_Arrow4_1mm.ubulk" 390
"../../../Engine/Plugins/Animation/ControlRig/Content/Controls/ControlRig_Arrow4_1mm.uasset" 391
"../../../Engine/Plugins/Animation/ControlRig/Content/Controls/ControlRig_Arrow4_1mm.uexp" 392
"../../../Engine/Plugins/Animation/ControlRig/Content/Controls/ControlRig_Arrow2_solid.ubulk" 393
"../../../Engine/Plugins/Animation/ControlRig/Content/Controls/ControlRig_Arrow2_solid.uasset" 394
"../../../Engine/Plugins/Animation/ControlRig/Content/Controls/ControlRig_Arrow2_solid.uexp" 395
"../../../Engine/Plugins/Animation/ControlRig/Content/Controls/ControlRig_Arrow2_3mm.ubulk" 396
"../../../Engine/Plugins/Animation/ControlRig/Content/Controls/ControlRig_Arrow2_3mm.uasset" 397
"../../../Engine/Plugins/Animation/ControlRig/Content/Controls/ControlRig_Arrow2_3mm.uexp" 398
"../../../Engine/Plugins/Animation/ControlRig/Content/Controls/ControlRig_Arrow2_1mm.ubulk" 399
"../../../Engine/Plugins/Animation/ControlRig/Content/Controls/ControlRig_Arrow2_1mm.uasset" 400
"../../../Engine/Plugins/Animation/ControlRig/Content/Controls/ControlRig_Arrow2_1mm.uexp" 401
"../../../Engine/Plugins/Animation/ControlRig/Content/Controls/ControlRigXRayMaterial.uasset" 402
"../../../Engine/Plugins/Animation/ControlRig/Content/Controls/ControlRigXRayMaterial.uexp" 403
"../../../Engine/Plugins/Animation/ControlRig/Content/Controls/ControlRigGizmoMaterial.uasset" 404
"../../../Engine/Plugins/Animation/ControlRig/Content/Controls/ControlRigGizmoMaterial.uexp" 405
"../../../Engine/Content/EngineSounds/Master.uasset" 406
"../../../Engine/Content/EngineSounds/Master.uexp" 407
"../../../Engine/Content/EngineSky/T_Sky_Stars.ubulk" 408
"../../../Engine/Content/EngineSky/T_Sky_Stars.uasset" 409
"../../../Engine/Content/EngineSky/T_Sky_Stars.uexp" 410
"../../../Engine/Content/EngineSky/T_Sky_Clouds_M.ubulk" 411
"../../../Engine/Content/EngineSky/T_Sky_Clouds_M.uasset" 412
"../../../Engine/Content/EngineSky/T_Sky_Clouds_M.uexp" 413
"../../../Engine/Content/EngineSky/T_Sky_Blue.ubulk" 414
"../../../Engine/Content/EngineSky/T_Sky_Blue.uasset" 415
"../../../Engine/Content/EngineSky/T_Sky_Blue.uexp" 416
"../../../Engine/Content/EngineSky/M_Sky_Panning_Clouds2.uasset" 417
"../../../Engine/Content/EngineSky/M_Sky_Panning_Clouds2.uexp" 418
"../../../Engine/Content/EngineSky/SM_SkySphere.ubulk" 419
"../../../Engine/Content/EngineSky/SM_SkySphere.uasset" 420
"../../../Engine/Content/EngineSky/SM_SkySphere.uexp" 421
"../../../Engine/Content/EngineSky/M_SimpleSkyDome.uasset" 422
"../../../Engine/Content/EngineSky/M_SimpleSkyDome.uexp" 423
"../../../Engine/Content/EngineMaterials/GizmoMaterial.uasset" 424
"../../../Engine/Content/EngineMaterials/GizmoMaterial.uexp" 425
"../../../Engine/Content/EngineMaterials/BaseFlattenEmissiveMap_VT.uasset" 426
"../../../Engine/Content/EngineMaterials/BaseFlattenEmissiveMap_VT.uexp" 427
"../../../Engine/Content/EngineMaterials/BaseFlattenGrayscaleMap_VT.uasset" 428
"../../../Engine/Content/EngineMaterials/BaseFlattenGrayscaleMap_VT.uexp" 429
"../../../Engine/Content/EngineMaterials/BaseFlattenLinearColor_VT.uasset" 430
"../../../Engine/Content/EngineMaterials/BaseFlattenLinearColor_VT.uexp" 431
"../../../Engine/Content/EngineMaterials/Black_1x1_EXR_Texture_VT.uasset" 432
"../../../Engine/Content/EngineMaterials/Black_1x1_EXR_Texture_VT.uexp" 433
"../../../Engine/Content/EngineMaterials/BaseFlattenDiffuseMap_VT.uasset" 434
"../../../Engine/Content/EngineMaterials/BaseFlattenDiffuseMap_VT.uexp" 435
"../../../Engine/Content/EngineMaterials/BaseFlattenNormalMap_VT.uasset" 436
"../../../Engine/Content/EngineMaterials/BaseFlattenNormalMap_VT.uexp" 437
"../../../Engine/Content/EngineMaterials/FlattenMaterial_WS_Normal_VT.uasset" 438
"../../../Engine/Content/EngineMaterials/FlattenMaterial_WS_Normal_VT.uexp" 439
"../../../Engine/Content/EngineMaterials/FlattenMaterial_VT.uasset" 440
"../../../Engine/Content/EngineMaterials/FlattenMaterial_VT.uexp" 441
"../../../Engine/Content/EngineMaterials/BaseFlattenNormalMap.uasset" 442
"../../../Engine/Content/EngineMaterials/BaseFlattenNormalMap.uexp" 443
"../../../Engine/Content/EngineMaterials/BaseFlattenGrayscaleMap.uasset" 444
"../../../Engine/Content/EngineMaterials/BaseFlattenGrayscaleMap.uexp" 445
"../../../Engine/Content/EngineMaterials/BaseFlattenDiffuseMap.uasset" 446
"../../../Engine/Content/EngineMaterials/BaseFlattenDiffuseMap.uexp" 447
"../../../Engine/Content/Functions/Engine_MaterialFunctions02/PivotPainter2/Black_1x1_EXR_Texture.uasset" 448
"../../../Engine/Content/Functions/Engine_MaterialFunctions02/PivotPainter2/Black_1x1_EXR_Texture.uexp" 449
"../../../Engine/Content/EngineMaterials/BaseFlattenEmissiveMap.uasset" 450
"../../../Engine/Content/EngineMaterials/BaseFlattenEmissiveMap.uexp" 451
"../../../Engine/Content/EngineMaterials/BaseFlattenLinearColor.uasset" 452
"../../../Engine/Content/EngineMaterials/BaseFlattenLinearColor.uexp" 453
"../../../Engine/Content/EngineMaterials/FlattenMaterial.uasset" 454
"../../../Engine/Content/EngineMaterials/FlattenMaterial.uexp" 455
"../../../Engine/Content/EngineMaterials/DefaultWhiteGrid_Low.uasset" 456
"../../../Engine/Content/EngineMaterials/DefaultWhiteGrid_Low.uexp" 457
"../../../Engine/Content/EngineMaterials/EmissiveMeshMaterial.uasset" 458
"../../../Engine/Content/EngineMaterials/EmissiveMeshMaterial.uexp" 459
"../../../Engine/Content/EngineFonts/RobotoDistanceField.uasset" 460
"../../../Engine/Content/EngineFonts/RobotoDistanceField.uexp" 461
"../../../Engine/Content/EngineMaterials/DefaultTextMaterialOpaque.uasset" 462
"../../../Engine/Content/EngineMaterials/DefaultTextMaterialOpaque.uexp" 463
"../../../Engine/Content/EngineMaterials/DefaultDiffuse.ubulk" 464
"../../../Engine/Content/EngineMaterials/DefaultDiffuse.uasset" 465
"../../../Engine/Content/EngineMaterials/DefaultDiffuse.uexp" 466
"../../../Engine/Content/Functions/Engine_MaterialFunctions02/Utility/BreakOutFloat2Components.uasset" 467
"../../../Engine/Content/Functions/Engine_MaterialFunctions02/Utility/BreakOutFloat2Components.uexp" 468
"../../../Engine/Content/EngineMaterials/DefaultPostProcessMaterial.uasset" 469
"../../../Engine/Content/EngineMaterials/DefaultPostProcessMaterial.uexp" 470
"../../../Engine/Content/EngineMaterials/DefaultPhysicalMaterial.uasset" 471
"../../../Engine/Content/EngineMaterials/DefaultPhysicalMaterial.uexp" 472
"../../../Engine/Content/EngineMaterials/DefaultLightFunctionMaterial.uasset" 473
"../../../Engine/Content/EngineMaterials/DefaultLightFunctionMaterial.uexp" 474
"../../../Engine/Content/EngineMaterials/DefaultDestructiblePhysicalMaterial.uasset" 475
"../../../Engine/Content/EngineMaterials/DefaultDestructiblePhysicalMaterial.uexp" 476
"../../../Engine/Content/EngineMaterials/DefaultDeferredDecalMaterial.uasset" 477
"../../../Engine/Content/EngineMaterials/DefaultDeferredDecalMaterial.uexp" 478
"../../../Engine/Content/EngineMaterials/DefaultBloomKernel.uasset" 479
"../../../Engine/Content/EngineMaterials/DefaultBloomKernel.uexp" 480
"../../../Engine/Content/EngineFonts/Faces/RobotoLight.uexp" 481
"../../../Engine/Content/EngineFonts/Faces/RobotoLight.uasset" 482
"../../../Engine/Content/EngineFonts/Faces/RobotoLight.ufont" 483
"../../../Engine/Content/EngineFonts/Faces/RobotoBold.uexp" 484
"../../../Engine/Content/EngineFonts/Faces/RobotoBold.uasset" 485
"../../../Engine/Content/EngineFonts/Faces/RobotoBold.ufont" 486
"../../../Engine/Content/EngineFonts/Faces/RobotoRegular.uexp" 487
"../../../Engine/Content/EngineFonts/Faces/RobotoRegular.uasset" 488
"../../../Engine/Content/EngineFonts/Faces/RobotoRegular.ufont" 489
"../../../Engine/Content/EngineFonts/Faces/DroidSansFallback.uexp" 490
"../../../Engine/Content/EngineFonts/Faces/DroidSansFallback.uasset" 491
"../../../Engine/Content/EngineFonts/Faces/DroidSansFallback.ufont" 492
"../../../Engine/Content/EngineFonts/Faces/RobotoItalic.uexp" 493
"../../../Engine/Content/EngineFonts/Faces/RobotoItalic.uasset" 494
"../../../Engine/Content/EngineFonts/Faces/RobotoItalic.ufont" 495
"../../../Engine/Content/EngineFonts/Faces/RobotoBoldItalic.uexp" 496
"../../../Engine/Content/EngineFonts/Faces/RobotoBoldItalic.uasset" 497
"../../../Engine/Content/EngineFonts/Faces/RobotoBoldItalic.ufont" 498
"../../../Engine/Content/EngineFonts/Roboto.uasset" 499
"../../../Engine/Content/EngineFonts/Roboto.uexp" 500
"../../../Engine/Content/Functions/Engine_MaterialFunctions02/Utility/CameraDirectionVector.uasset" 501
"../../../Engine/Content/Functions/Engine_MaterialFunctions02/Utility/CameraDirectionVector.uexp" 502
"../../../Engine/Content/EngineDebugMaterials/VolumeToRender.uasset" 503
"../../../Engine/Content/EngineDebugMaterials/VolumeToRender.uexp" 504
"../../../Engine/Content/EngineDebugMaterials/M_VolumeRenderSphereTracePP.uasset" 505
"../../../Engine/Content/EngineDebugMaterials/M_VolumeRenderSphereTracePP.uexp" 506
"../../../Engine/Content/EngineDebugMaterials/M_SimpleUnlitTranslucent.uasset" 507
"../../../Engine/Content/EngineDebugMaterials/M_SimpleUnlitTranslucent.uexp" 508
"../../../Engine/Content/EngineDebugMaterials/DebugMeshMaterial.uasset" 509
"../../../Engine/Content/EngineDebugMaterials/DebugMeshMaterial.uexp" 510
"../../../Engine/Content/EngineDebugMaterials/DebugEditorMaterial.uasset" 511
"../../../Engine/Content/EngineDebugMaterials/DebugEditorMaterial.uexp" 512
"../../../Engine/Content/EngineDamageTypes/DmgTypeBP_Environmental.uasset" 513
"../../../Engine/Content/EngineDamageTypes/DmgTypeBP_Environmental.uexp" 514
"../../../Engine/Content/EditorResources/S_Terrain.ubulk" 515
"../../../Engine/Content/EditorResources/S_Terrain.uasset" 516
"../../../Engine/Content/EditorResources/S_Terrain.uexp" 517
"../../../Engine/Content/EditorResources/EmptyActor.uasset" 518
"../../../Engine/Content/EditorResources/EmptyActor.uexp" 519
"../../../Engine/Content/EditorResources/BSPVertex.uasset" 520
"../../../Engine/Content/EditorResources/BSPVertex.uexp" 521
"../../../Engine/Content/EditorMaterials/PreviewShadowIndicator.ubulk" 522
"../../../Engine/Content/EditorMaterials/PreviewShadowIndicator.uasset" 523
"../../../Engine/Content/EditorMaterials/PreviewShadowIndicator.uexp" 524
"../../../Engine/Content/EditorMaterials/PreviewShadowIndicatorMaterial.uasset" 525
"../../../Engine/Content/EditorMaterials/PreviewShadowIndicatorMaterial.uexp" 526
"../../../Engine/Content/EditorMaterials/PhAT_UnselectedMaterial.uasset" 527
"../../../Engine/Content/EditorMaterials/PhAT_UnselectedMaterial.uexp" 528
"../../../Engine/Content/EditorMaterials/PhAT_NoCollisionMaterial.uasset" 529
"../../../Engine/Content/EditorMaterials/PhAT_NoCollisionMaterial.uexp" 530
"../../../Engine/Content/EditorLandscapeResources/DefaultAlphaTexture.uasset" 531
"../../../Engine/Content/EditorLandscapeResources/DefaultAlphaTexture.uexp" 532
"../../../Engine/Content/EditorLandscapeResources/DataLayer.uasset" 533
"../../../Engine/Content/EditorLandscapeResources/DataLayer.uexp" 534
"../../../Engine/Content/MobileResources/HUD/VirtualJoystick_Background.uasset" 535
"../../../Engine/Content/MobileResources/HUD/VirtualJoystick_Background.uexp" 536
"../../../Engine/Content/MobileResources/HUD/VirtualJoystick_Thumb.uasset" 537
"../../../Engine/Content/MobileResources/HUD/VirtualJoystick_Thumb.uexp" 538
"../../../Engine/Content/MobileResources/HUD/DefaultVirtualJoysticks.uasset" 539
"../../../Engine/Content/MobileResources/HUD/DefaultVirtualJoysticks.uexp" 540
"C:/Users/qpkgo/Documents/Unreal Projects/MyProject10/Content/ThirdPerson/Maps/ThirdPersonMap_BuiltData.ubulk" 541
"C:/Users/qpkgo/Documents/Unreal Projects/MyProject10/Content/ThirdPerson/Maps/ThirdPersonMap_BuiltData.uasset" 542
"C:/Users/qpkgo/Documents/Unreal Projects/MyProject10/Content/ThirdPerson/Maps/ThirdPersonMap_BuiltData.uexp" 543
"C:/Users/qpkgo/Documents/Unreal Projects/MyProject10/Content/Characters/Mannequins/Meshes/SK_Mannequin.uasset" 544
"C:/Users/qpkgo/Documents/Unreal Projects/MyProject10/Content/Characters/Mannequins/Meshes/SK_Mannequin.uexp" 545
"C:/Users/qpkgo/Documents/Unreal Projects/MyProject10/Content/Characters/Mannequins/Textures/Quinn/T_Quinn_02ID_MSR_MSK.ubulk" 546
"C:/Users/qpkgo/Documents/Unreal Projects/MyProject10/Content/Characters/Mannequins/Textures/Quinn/T_Quinn_02ID_MSR_MSK.uasset" 547
"C:/Users/qpkgo/Documents/Unreal Projects/MyProject10/Content/Characters/Mannequins/Textures/Quinn/T_Quinn_02ID_MSR_MSK.uexp" 548
"C:/Users/qpkgo/Documents/Unreal Projects/MyProject10/Content/Characters/Mannequins/Textures/Quinn/T_Quinn_02ID_BN.ubulk" 549
"C:/Users/qpkgo/Documents/Unreal Projects/MyProject10/Content/Characters/Mannequins/Textures/Quinn/T_Quinn_02ID_BN.uasset" 550
"C:/Users/qpkgo/Documents/Unreal Projects/MyProject10/Content/Characters/Mannequins/Textures/Quinn/T_Quinn_02ID_BN.uexp" 551
"C:/Users/qpkgo/Documents/Unreal Projects/MyProject10/Content/Characters/Mannequins/Textures/Quinn/T_Quinn_02_ASAOMASK_MSK.ubulk" 552
"C:/Users/qpkgo/Documents/Unreal Projects/MyProject10/Content/Characters/Mannequins/Textures/Quinn/T_Quinn_02_ASAOMASK_MSK.uasset" 553
"C:/Users/qpkgo/Documents/Unreal Projects/MyProject10/Content/Characters/Mannequins/Textures/Quinn/T_Quinn_02_ASAOMASK_MSK.uexp" 554
"C:/Users/qpkgo/Documents/Unreal Projects/MyProject10/Content/Characters/Mannequins/Textures/Quinn/T_Quinn_02_CCRCCPlastic_MSK.ubulk" 555
"C:/Users/qpkgo/Documents/Unreal Projects/MyProject10/Content/Characters/Mannequins/Textures/Quinn/T_Quinn_02_CCRCCPlastic_MSK.uasset" 556
"C:/Users/qpkgo/Documents/Unreal Projects/MyProject10/Content/Characters/Mannequins/Textures/Quinn/T_Quinn_02_CCRCCPlastic_MSK.uexp" 557
"C:/Users/qpkgo/Documents/Unreal Projects/MyProject10/Content/Characters/Mannequins/Textures/Quinn/T_Quinn_02ID_Tan.ubulk" 558
"C:/Users/qpkgo/Documents/Unreal Projects/MyProject10/Content/Characters/Mannequins/Textures/Quinn/T_Quinn_02ID_Tan.uasset" 559
"C:/Users/qpkgo/Documents/Unreal Projects/MyProject10/Content/Characters/Mannequins/Textures/Quinn/T_Quinn_02ID_Tan.uexp" 560
"C:/Users/qpkgo/Documents/Unreal Projects/MyProject10/Content/Characters/Mannequins/Textures/Quinn/T_Quinn_02ID_D.ubulk" 561
"C:/Users/qpkgo/Documents/Unreal Projects/MyProject10/Content/Characters/Mannequins/Textures/Quinn/T_Quinn_02ID_D.uasset" 562
"C:/Users/qpkgo/Documents/Unreal Projects/MyProject10/Content/Characters/Mannequins/Textures/Quinn/T_Quinn_02ID_D.uexp" 563
"C:/Users/qpkgo/Documents/Unreal Projects/MyProject10/Content/Characters/Mannequins/Textures/Quinn/T_Quinn_01ID_MSR_MSK.ubulk" 564
"C:/Users/qpkgo/Documents/Unreal Projects/MyProject10/Content/Characters/Mannequins/Textures/Quinn/T_Quinn_01ID_MSR_MSK.uasset" 565
"C:/Users/qpkgo/Documents/Unreal Projects/MyProject10/Content/Characters/Mannequins/Textures/Quinn/T_Quinn_01ID_MSR_MSK.uexp" 566
"C:/Users/qpkgo/Documents/Unreal Projects/MyProject10/Content/Characters/Mannequins/Materials/Functions/ChromaticCurve.uasset" 567
"C:/Users/qpkgo/Documents/Unreal Projects/MyProject10/Content/Characters/Mannequins/Materials/Functions/ChromaticCurve.uexp" 568
"C:/Users/qpkgo/Documents/Unreal Projects/MyProject10/Content/Characters/Mannequins/Materials/Functions/CA_Mannequin.uasset" 569
"C:/Users/qpkgo/Documents/Unreal Projects/MyProject10/Content/Characters/Mannequins/Materials/Functions/CA_Mannequin.uexp" 570
"C:/Users/qpkgo/Documents/Unreal Projects/MyProject10/Content/Characters/Mannequins/Materials/Functions/MF_Diffraction.uasset" 571
"C:/Users/qpkgo/Documents/Unreal Projects/MyProject10/Content/Characters/Mannequins/Materials/Functions/MF_Diffraction.uexp" 572
"C:/Users/qpkgo/Documents/Unreal Projects/MyProject10/Content/Characters/Mannequins/Textures/Manny/T_Manny_01_N.ubulk" 573
"C:/Users/qpkgo/Documents/Unreal Projects/MyProject10/Content/Characters/Mannequins/Textures/Manny/T_Manny_01_N.uasset" 574
"C:/Users/qpkgo/Documents/Unreal Projects/MyProject10/Content/Characters/Mannequins/Textures/Manny/T_Manny_01_N.uexp" 575
"C:/Users/qpkgo/Documents/Unreal Projects/MyProject10/Content/Characters/Mannequins/Materials/Functions/ML_BaseColorFallOff.uasset" 576
"C:/Users/qpkgo/Documents/Unreal Projects/MyProject10/Content/Characters/Mannequins/Materials/Functions/ML_BaseColorFallOff.uexp" 577
"../../../Engine/Content/Functions/Engine_MaterialFunctions01/Texturing/ScaleUVsByCenter.uasset" 578
"../../../Engine/Content/Functions/Engine_MaterialFunctions01/Texturing/ScaleUVsByCenter.uexp" 579
"C:/Users/qpkgo/Documents/Unreal Projects/MyProject10/Content/Characters/Mannequins/Textures/Shared/T_UE_Logo_M.uasset" 580
"C:/Users/qpkgo/Documents/Unreal Projects/MyProject10/Content/Characters/Mannequins/Textures/Shared/T_UE_Logo_M.uexp" 581
"C:/Users/qpkgo/Documents/Unreal Projects/MyProject10/Content/Characters/Mannequins/Materials/Functions/MF_logo3layers.uasset" 582
"C:/Users/qpkgo/Documents/Unreal Projects/MyProject10/Content/Characters/Mannequins/Materials/Functions/MF_logo3layers.uexp" 583
"C:/Users/qpkgo/Documents/Unreal Projects/MyProject10/Content/Characters/Mannequins/Textures/Manny/T_Manny_01_CCRCCPlastic_MSK.ubulk" 584
"C:/Users/qpkgo/Documents/Unreal Projects/MyProject10/Content/Characters/Mannequins/Textures/Manny/T_Manny_01_CCRCCPlastic_MSK.uasset" 585
"C:/Users/qpkgo/Documents/Unreal Projects/MyProject10/Content/Characters/Mannequins/Textures/Manny/T_Manny_01_CCRCCPlastic_MSK.uexp" 586
"C:/Users/qpkgo/Documents/Unreal Projects/MyProject10/Content/Characters/Mannequins/Textures/Manny/T_Manny_01_ASAOPMASK_MSK.ubulk" 587
"C:/Users/qpkgo/Documents/Unreal Projects/MyProject10/Content/Characters/Mannequins/Textures/Manny/T_Manny_01_ASAOPMASK_MSK.uasset" 588
"C:/Users/qpkgo/Documents/Unreal Projects/MyProject10/Content/Characters/Mannequins/Textures/Manny/T_Manny_01_ASAOPMASK_MSK.uexp" 589
"C:/Users/qpkgo/Documents/Unreal Projects/MyProject10/Content/Characters/Mannequins/Textures/Manny/T_Manny_01_MSR_MSK.ubulk" 590
"C:/Users/qpkgo/Documents/Unreal Projects/MyProject10/Content/Characters/Mannequins/Textures/Manny/T_Manny_01_MSR_MSK.uasset" 591
"C:/Users/qpkgo/Documents/Unreal Projects/MyProject10/Content/Characters/Mannequins/Textures/Manny/T_Manny_01_MSR_MSK.uexp" 592
"C:/Users/qpkgo/Documents/Unreal Projects/MyProject10/Content/Characters/Mannequins/Textures/Manny/T_Manny_01_BN.ubulk" 593
"C:/Users/qpkgo/Documents/Unreal Projects/MyProject10/Content/Characters/Mannequins/Textures/Manny/T_Manny_01_BN.uasset" 594
"C:/Users/qpkgo/Documents/Unreal Projects/MyProject10/Content/Characters/Mannequins/Textures/Manny/T_Manny_01_BN.uexp" 595
"C:/Users/qpkgo/Documents/Unreal Projects/MyProject10/Content/Characters/Mannequins/Textures/Manny/T_Manny_01_D.ubulk" 596
"C:/Users/qpkgo/Documents/Unreal Projects/MyProject10/Content/Characters/Mannequins/Textures/Manny/T_Manny_01_D.uasset" 597
"C:/Users/qpkgo/Documents/Unreal Projects/MyProject10/Content/Characters/Mannequins/Textures/Manny/T_Manny_01_D.uexp" 598
"C:/Users/qpkgo/Documents/Unreal Projects/MyProject10/Content/Characters/Mannequins/Textures/Manny/T_Manny_01_Tan.ubulk" 599
"C:/Users/qpkgo/Documents/Unreal Projects/MyProject10/Content/Characters/Mannequins/Textures/Manny/T_Manny_01_Tan.uasset" 600
"C:/Users/qpkgo/Documents/Unreal Projects/MyProject10/Content/Characters/Mannequins/Textures/Manny/T_Manny_01_Tan.uexp" 601
"C:/Users/qpkgo/Documents/Unreal Projects/MyProject10/Content/Characters/Mannequins/Materials/M_Mannequin.uasset" 602
"C:/Users/qpkgo/Documents/Unreal Projects/MyProject10/Content/Characters/Mannequins/Materials/M_Mannequin.uexp" 603
"C:/Users/qpkgo/Documents/Unreal Projects/MyProject10/Content/Characters/Mannequins/Textures/Quinn/T_Quinn_01_ASAOMASK_MSK.ubulk" 604
"C:/Users/qpkgo/Documents/Unreal Projects/MyProject10/Content/Characters/Mannequins/Textures/Quinn/T_Quinn_01_ASAOMASK_MSK.uasset" 605
"C:/Users/qpkgo/Documents/Unreal Projects/MyProject10/Content/Characters/Mannequins/Textures/Quinn/T_Quinn_01_ASAOMASK_MSK.uexp" 606
"C:/Users/qpkgo/Documents/Unreal Projects/MyProject10/Content/Characters/Mannequins/Textures/Quinn/T_Quinn_01ID_N.ubulk" 607
"C:/Users/qpkgo/Documents/Unreal Projects/MyProject10/Content/Characters/Mannequins/Textures/Quinn/T_Quinn_01ID_N.uasset" 608
"C:/Users/qpkgo/Documents/Unreal Projects/MyProject10/Content/Characters/Mannequins/Textures/Quinn/T_Quinn_01ID_N.uexp" 609
"C:/Users/qpkgo/Documents/Unreal Projects/MyProject10/Content/Characters/Mannequins/Textures/Quinn/T_Quinn_01ID_BN.ubulk" 610
"C:/Users/qpkgo/Documents/Unreal Projects/MyProject10/Content/Characters/Mannequins/Textures/Quinn/T_Quinn_01ID_BN.uasset" 611
"C:/Users/qpkgo/Documents/Unreal Projects/MyProject10/Content/Characters/Mannequins/Textures/Quinn/T_Quinn_01ID_BN.uexp" 612
"C:/Users/qpkgo/Documents/Unreal Projects/MyProject10/Content/Characters/Mannequins/Textures/Quinn/T_Quinn_01ID_D.ubulk" 613
"C:/Users/qpkgo/Documents/Unreal Projects/MyProject10/Content/Characters/Mannequins/Textures/Quinn/T_Quinn_01ID_D.uasset" 614
"C:/Users/qpkgo/Documents/Unreal Projects/MyProject10/Content/Characters/Mannequins/Textures/Quinn/T_Quinn_01ID_D.uexp" 615
"C:/Users/qpkgo/Documents/Unreal Projects/MyProject10/Content/Characters/Mannequins/Textures/Quinn/T_Quinn_01ID_Tan.ubulk" 616
"C:/Users/qpkgo/Documents/Unreal Projects/MyProject10/Content/Characters/Mannequins/Textures/Quinn/T_Quinn_01ID_Tan.uasset" 617
"C:/Users/qpkgo/Documents/Unreal Projects/MyProject10/Content/Characters/Mannequins/Textures/Quinn/T_Quinn_01ID_Tan.uexp" 618
"C:/Users/qpkgo/Documents/Unreal Projects/MyProject10/Content/Characters/Mannequins/Textures/Quinn/T_Quinn_01_CCRCCPlastic_MSK.ubulk" 619
"C:/Users/qpkgo/Documents/Unreal Projects/MyProject10/Content/Characters/Mannequins/Textures/Quinn/T_Quinn_01_CCRCCPlastic_MSK.uasset" 620
"C:/Users/qpkgo/Documents/Unreal Projects/MyProject10/Content/Characters/Mannequins/Textures/Quinn/T_Quinn_01_CCRCCPlastic_MSK.uexp" 621
"C:/Users/qpkgo/Documents/Unreal Projects/MyProject10/Content/Characters/Mannequins/Materials/Instances/Quinn/MI_Quinn_01.uasset" 622
"C:/Users/qpkgo/Documents/Unreal Projects/MyProject10/Content/Characters/Mannequins/Materials/Instances/Quinn/MI_Quinn_01.uexp" 623
"C:/Users/qpkgo/Documents/Unreal Projects/MyProject10/Content/Characters/Mannequins/Textures/Quinn/T_Quinn_02ID_N.ubulk" 624
"C:/Users/qpkgo/Documents/Unreal Projects/MyProject10/Content/Characters/Mannequins/Textures/Quinn/T_Quinn_02ID_N.uasset" 625
"C:/Users/qpkgo/Documents/Unreal Projects/MyProject10/Content/Characters/Mannequins/Textures/Quinn/T_Quinn_02ID_N.uexp" 626
"C:/Users/qpkgo/Documents/Unreal Projects/MyProject10/Content/Characters/Mannequins/Materials/Instances/Quinn/MI_Quinn_02.uasset" 627
"C:/Users/qpkgo/Documents/Unreal Projects/MyProject10/Content/Characters/Mannequins/Materials/Instances/Quinn/MI_Quinn_02.uexp" 628
"C:/Users/qpkgo/Documents/Unreal Projects/MyProject10/Content/Characters/Mannequins/Rigs/PA_Mannequin.uasset" 629
"C:/Users/qpkgo/Documents/Unreal Projects/MyProject10/Content/Characters/Mannequins/Rigs/PA_Mannequin.uexp" 630
"C:/Users/qpkgo/Documents/Unreal Projects/MyProject10/Content/Characters/Mannequins/Meshes/SKM_Quinn_Simple.uasset" 631
"C:/Users/qpkgo/Documents/Unreal Projects/MyProject10/Content/Characters/Mannequins/Meshes/SKM_Quinn_Simple.uexp" 632
"C:/Users/qpkgo/Documents/Unreal Projects/MyProject10/Content/ThirdPerson/Input/Actions/IA_Jump.uasset" 633
"C:/Users/qpkgo/Documents/Unreal Projects/MyProject10/Content/ThirdPerson/Input/Actions/IA_Jump.uexp" 634
"C:/Users/qpkgo/Documents/Unreal Projects/MyProject10/Content/ThirdPerson/Input/Actions/IA_Look.uasset" 635
"C:/Users/qpkgo/Documents/Unreal Projects/MyProject10/Content/ThirdPerson/Input/Actions/IA_Look.uexp" 636
"C:/Users/qpkgo/Documents/Unreal Projects/MyProject10/Content/ThirdPerson/Input/Actions/IA_Move.uasset" 637
"C:/Users/qpkgo/Documents/Unreal Projects/MyProject10/Content/ThirdPerson/Input/Actions/IA_Move.uexp" 638
"C:/Users/qpkgo/Documents/Unreal Projects/MyProject10/Content/ThirdPerson/Input/IMC_Default.uasset" 639
"C:/Users/qpkgo/Documents/Unreal Projects/MyProject10/Content/ThirdPerson/Input/IMC_Default.uexp" 640
"../../../Engine/Content/Animation/DefaultAnimCurveCompressionSettings.uasset" 641
"../../../Engine/Content/Animation/DefaultAnimCurveCompressionSettings.uexp" 642
"../../../Engine/Content/Animation/DefaultAnimBoneCompressionSettings.uasset" 643
"../../../Engine/Content/Animation/DefaultAnimBoneCompressionSettings.uexp" 644
"C:/Users/qpkgo/Documents/Unreal Projects/MyProject10/Content/Characters/Mannequins/Animations/Quinn/MF_Run_Fwd.uasset" 645
"C:/Users/qpkgo/Documents/Unreal Projects/MyProject10/Content/Characters/Mannequins/Animations/Quinn/MF_Run_Fwd.uexp" 646
"C:/Users/qpkgo/Documents/Unreal Projects/MyProject10/Content/Characters/Mannequins/Animations/Quinn/MF_Walk_Fwd.uasset" 647
"C:/Users/qpkgo/Documents/Unreal Projects/MyProject10/Content/Characters/Mannequins/Animations/Quinn/MF_Walk_Fwd.uexp" 648
"../../../Engine/Content/Animation/DefaultRecorderBoneCompression.uasset" 649
"../../../Engine/Content/Animation/DefaultRecorderBoneCompression.uexp" 650
"C:/Users/qpkgo/Documents/Unreal Projects/MyProject10/Content/Characters/Mannequins/Animations/Manny/MM_Walk_InPlace.uasset" 651
"C:/Users/qpkgo/Documents/Unreal Projects/MyProject10/Content/Characters/Mannequins/Animations/Manny/MM_Walk_InPlace.uexp" 652
"C:/Users/qpkgo/Documents/Unreal Projects/MyProject10/Content/Characters/Mannequins/Animations/Quinn/BS_MF_Unarmed_WalkRun.uasset" 653
"C:/Users/qpkgo/Documents/Unreal Projects/MyProject10/Content/Characters/Mannequins/Animations/Quinn/BS_MF_Unarmed_WalkRun.uexp" 654
"C:/Users/qpkgo/Documents/Unreal Projects/MyProject10/Content/Characters/Mannequins/Animations/Quinn/MF_Idle.uasset" 655
"C:/Users/qpkgo/Documents/Unreal Projects/MyProject10/Content/Characters/Mannequins/Animations/Quinn/MF_Idle.uexp" 656
"C:/Users/qpkgo/Documents/Unreal Projects/MyProject10/Content/Characters/Mannequins/Animations/Manny/MM_Fall_Loop.uasset" 657
"C:/Users/qpkgo/Documents/Unreal Projects/MyProject10/Content/Characters/Mannequins/Animations/Manny/MM_Fall_Loop.uexp" 658
"C:/Users/qpkgo/Documents/Unreal Projects/MyProject10/Content/Characters/Mannequins/Animations/Manny/MM_Jump.uasset" 659
"C:/Users/qpkgo/Documents/Unreal Projects/MyProject10/Content/Characters/Mannequins/Animations/Manny/MM_Jump.uexp" 660
"../../../Engine/Plugins/Animation/ControlRig/Content/Controls/DefaultGizmoLibrary.uasset" 661
"../../../Engine/Plugins/Animation/ControlRig/Content/Controls/DefaultGizmoLibrary.uexp" 662
"C:/Users/qpkgo/Documents/Unreal Projects/MyProject10/Content/Characters/Mannequins/Rigs/CR_Mannequin_BasicFootIK.uasset" 663
"C:/Users/qpkgo/Documents/Unreal Projects/MyProject10/Content/Characters/Mannequins/Rigs/CR_Mannequin_BasicFootIK.uexp" 664
"C:/Users/qpkgo/Documents/Unreal Projects/MyProject10/Content/Characters/Mannequins/Animations/Manny/MM_Run_Fwd.uasset" 665
"C:/Users/qpkgo/Documents/Unreal Projects/MyProject10/Content/Characters/Mannequins/Animations/Manny/MM_Run_Fwd.uexp" 666
"C:/Users/qpkgo/Documents/Unreal Projects/MyProject10/Content/Characters/Mannequins/Animations/Manny/MM_Walk_Fwd.uasset" 667
"C:/Users/qpkgo/Documents/Unreal Projects/MyProject10/Content/Characters/Mannequins/Animations/Manny/MM_Walk_Fwd.uexp" 668
"C:/Users/qpkgo/Documents/Unreal Projects/MyProject10/Content/Characters/Mannequins/Animations/Manny/BS_MM_WalkRun.uasset" 669
"C:/Users/qpkgo/Documents/Unreal Projects/MyProject10/Content/Characters/Mannequins/Animations/Manny/BS_MM_WalkRun.uexp" 670
"C:/Users/qpkgo/Documents/Unreal Projects/MyProject10/Content/Characters/Mannequins/Animations/Manny/MM_Land.uasset" 671
"C:/Users/qpkgo/Documents/Unreal Projects/MyProject10/Content/Characters/Mannequins/Animations/Manny/MM_Land.uexp" 672
"C:/Users/qpkgo/Documents/Unreal Projects/MyProject10/Content/Characters/Mannequins/Animations/Manny/MM_Idle.uasset" 673
"C:/Users/qpkgo/Documents/Unreal Projects/MyProject10/Content/Characters/Mannequins/Animations/Manny/MM_Idle.uexp" 674
"C:/Users/qpkgo/Documents/Unreal Projects/MyProject10/Content/Characters/Mannequins/Animations/ABP_Manny.uasset" 675
"C:/Users/qpkgo/Documents/Unreal Projects/MyProject10/Content/Characters/Mannequins/Animations/ABP_Manny.uexp" 676
"C:/Users/qpkgo/Documents/Unreal Projects/MyProject10/Content/Characters/Mannequins/Animations/ABP_Quinn.uasset" 677
"C:/Users/qpkgo/Documents/Unreal Projects/MyProject10/Content/Characters/Mannequins/Animations/ABP_Quinn.uexp" 678
"C:/Users/qpkgo/Documents/Unreal Projects/MyProject10/Content/ThirdPerson/Blueprints/BP_ThirdPersonCharacter.uasset" 679
"C:/Users/qpkgo/Documents/Unreal Projects/MyProject10/Content/ThirdPerson/Blueprints/BP_ThirdPersonCharacter.uexp" 680
"C:/Users/qpkgo/Documents/Unreal Projects/MyProject10/Content/LevelPrototyping/Textures/T_GridChecker_A.ubulk" 681
"C:/Users/qpkgo/Documents/Unreal Projects/MyProject10/Content/LevelPrototyping/Textures/T_GridChecker_A.uasset" 682
"C:/Users/qpkgo/Documents/Unreal Projects/MyProject10/Content/LevelPrototyping/Textures/T_GridChecker_A.uexp" 683
"../../../Engine/Content/Functions/Engine_MaterialFunctions02/Utility/MakeFloat3.uasset" 684
"../../../Engine/Content/Functions/Engine_MaterialFunctions02/Utility/MakeFloat3.uexp" 685
"../../../Engine/Content/Functions/Engine_MaterialFunctions01/Gradient/LinearGradient.uasset" 686
"../../../Engine/Content/Functions/Engine_MaterialFunctions01/Gradient/LinearGradient.uexp" 687
"../../../Engine/Content/Functions/Engine_MaterialFunctions01/ImageAdjustment/CheapContrast.uasset" 688
"../../../Engine/Content/Functions/Engine_MaterialFunctions01/ImageAdjustment/CheapContrast.uexp" 689
"C:/Users/qpkgo/Documents/Unreal Projects/MyProject10/Content/LevelPrototyping/Materials/MF_ProcGrid.uasset" 690
"C:/Users/qpkgo/Documents/Unreal Projects/MyProject10/Content/LevelPrototyping/Materials/MF_ProcGrid.uexp" 691
"C:/Users/qpkgo/Documents/Unreal Projects/MyProject10/Content/LevelPrototyping/Materials/M_PrototypeGrid.uasset" 692
"C:/Users/qpkgo/Documents/Unreal Projects/MyProject10/Content/LevelPrototyping/Materials/M_PrototypeGrid.uexp" 693
"C:/Users/qpkgo/Documents/Unreal Projects/MyProject10/Content/LevelPrototyping/Materials/MI_PrototypeGrid_Gray.uasset" 694
"C:/Users/qpkgo/Documents/Unreal Projects/MyProject10/Content/LevelPrototyping/Materials/MI_PrototypeGrid_Gray.uexp" 695
"C:/Users/qpkgo/Documents/Unreal Projects/MyProject10/Content/LevelPrototyping/Meshes/SM_Ramp.ubulk" 696
"C:/Users/qpkgo/Documents/Unreal Projects/MyProject10/Content/LevelPrototyping/Meshes/SM_Ramp.uasset" 697
"C:/Users/qpkgo/Documents/Unreal Projects/MyProject10/Content/LevelPrototyping/Meshes/SM_Ramp.uexp" 698
"C:/Users/qpkgo/Documents/Unreal Projects/MyProject10/Content/LevelPrototyping/Meshes/SM_QuarterCylinder.ubulk" 699
"C:/Users/qpkgo/Documents/Unreal Projects/MyProject10/Content/LevelPrototyping/Meshes/SM_QuarterCylinder.uasset" 700
"C:/Users/qpkgo/Documents/Unreal Projects/MyProject10/Content/LevelPrototyping/Meshes/SM_QuarterCylinder.uexp" 701
"C:/Users/qpkgo/Documents/Unreal Projects/MyProject10/Content/LevelPrototyping/Meshes/SM_Cylinder.ubulk" 702
"C:/Users/qpkgo/Documents/Unreal Projects/MyProject10/Content/LevelPrototyping/Meshes/SM_Cylinder.uasset" 703
"C:/Users/qpkgo/Documents/Unreal Projects/MyProject10/Content/LevelPrototyping/Meshes/SM_Cylinder.uexp" 704
"C:/Users/qpkgo/Documents/Unreal Projects/MyProject10/Content/LevelPrototyping/Meshes/SM_Cube.ubulk" 705
"C:/Users/qpkgo/Documents/Unreal Projects/MyProject10/Content/LevelPrototyping/Meshes/SM_Cube.uasset" 706
"C:/Users/qpkgo/Documents/Unreal Projects/MyProject10/Content/LevelPrototyping/Meshes/SM_Cube.uexp" 707
"C:/Users/qpkgo/Documents/Unreal Projects/MyProject10/Content/LevelPrototyping/Materials/M_Solid.uasset" 708
"C:/Users/qpkgo/Documents/Unreal Projects/MyProject10/Content/LevelPrototyping/Materials/M_Solid.uexp" 709
"C:/Users/qpkgo/Documents/Unreal Projects/MyProject10/Content/LevelPrototyping/Materials/MI_Solid_Blue.uasset" 710
"C:/Users/qpkgo/Documents/Unreal Projects/MyProject10/Content/LevelPrototyping/Materials/MI_Solid_Blue.uexp" 711
"C:/Users/qpkgo/Documents/Unreal Projects/MyProject10/Content/LevelPrototyping/Meshes/SM_ChamferCube.ubulk" 712
"C:/Users/qpkgo/Documents/Unreal Projects/MyProject10/Content/LevelPrototyping/Meshes/SM_ChamferCube.uasset" 713
"C:/Users/qpkgo/Documents/Unreal Projects/MyProject10/Content/LevelPrototyping/Meshes/SM_ChamferCube.uexp" 714
"C:/Users/qpkgo/Documents/Unreal Projects/MyProject10/Content/LevelPrototyping/Materials/MI_PrototypeGrid_TopDark.uasset" 715
"C:/Users/qpkgo/Documents/Unreal Projects/MyProject10/Content/LevelPrototyping/Materials/MI_PrototypeGrid_TopDark.uexp" 716
"C:/Users/qpkgo/Documents/Unreal Projects/MyProject10/Content/LevelPrototyping/Materials/MI_PrototypeGrid_Gray_02.uasset" 717
"C:/Users/qpkgo/Documents/Unreal Projects/MyProject10/Content/LevelPrototyping/Materials/MI_PrototypeGrid_Gray_02.uexp" 718
"../../../Engine/Content/EngineSky/VolumetricClouds/CloudWeatherTexture.uasset" 719
"../../../Engine/Content/EngineSky/VolumetricClouds/CloudWeatherTexture.uexp" 720
"../../../Engine/Content/Functions/Engine_MaterialFunctions02/Utility/MakeFloat2.uasset" 721
"../../../Engine/Content/Functions/Engine_MaterialFunctions02/Utility/MakeFloat2.uexp" 722
"../../../Engine/Content/EngineSky/VolumetricClouds/CloudGradientTexture.uasset" 723
"../../../Engine/Content/EngineSky/VolumetricClouds/CloudGradientTexture.uexp" 724
"../../../Engine/Content/EngineSky/VolumetricClouds/T_NoiseShape64.ubulk" 725
"../../../Engine/Content/EngineSky/VolumetricClouds/T_NoiseShape64.uasset" 726
"../../../Engine/Content/EngineSky/VolumetricClouds/T_NoiseShape64.uexp" 727
"../../../Engine/Content/EngineSky/VolumetricClouds/T_VolumeNoiseShape64.uasset" 728
"../../../Engine/Content/EngineSky/VolumetricClouds/T_VolumeNoiseShape64.uexp" 729
"../../../Engine/Content/EngineSky/VolumetricClouds/T_NoiseErosion.ubulk" 730
"../../../Engine/Content/EngineSky/VolumetricClouds/T_NoiseErosion.uasset" 731
"../../../Engine/Content/EngineSky/VolumetricClouds/T_NoiseErosion.uexp" 732
"../../../Engine/Content/EngineSky/VolumetricClouds/T_VolumeNoiseErosion32.uasset" 733
"../../../Engine/Content/EngineSky/VolumetricClouds/T_VolumeNoiseErosion32.uexp" 734
"../../../Engine/Content/EngineSky/VolumetricClouds/m_SimpleVolumetricCloud.uasset" 735
"../../../Engine/Content/EngineSky/VolumetricClouds/m_SimpleVolumetricCloud.uexp" 736
"../../../Engine/Content/EngineSky/VolumetricClouds/m_SimpleVolumetricCloud_Inst.uasset" 737
"../../../Engine/Content/EngineSky/VolumetricClouds/m_SimpleVolumetricCloud_Inst.uexp" 738
"../../../Engine/Content/EngineResources/FilmGrains/Marcie_Grain_v3_128_M2_000.uasset" 739
"../../../Engine/Content/EngineResources/FilmGrains/Marcie_Grain_v3_128_M2_000.uexp" 740
"../../../Engine/Content/EditorResources/SequenceRecorder/RecordingIndicator.uasset" 741
"../../../Engine/Content/EditorResources/SequenceRecorder/RecordingIndicator.uexp" 742
"../../../Engine/Content/EditorResources/SequenceRecorder/Countdown.uasset" 743
"../../../Engine/Content/EditorResources/SequenceRecorder/Countdown.uexp" 744
"../../../Engine/Content/Maps/Templates/HLODs/HLODLayer_Merged.uasset" 745
"../../../Engine/Content/Maps/Templates/HLODs/HLODLayer_Merged.uexp" 746
"C:/Users/qpkgo/Documents/Unreal Projects/MyProject10/Content/Characters/Mannequins/Rigs/Poses/Manny/Manny_foot_l_anim.uasset" 747
"C:/Users/qpkgo/Documents/Unreal Projects/MyProject10/Content/Characters/Mannequins/Rigs/Poses/Manny/Manny_foot_l_anim.uexp" 748
"C:/Users/qpkgo/Documents/Unreal Projects/MyProject10/Content/Characters/Mannequins/Rigs/Poses/Manny/Manny_foot_l_pose.uasset" 749
"C:/Users/qpkgo/Documents/Unreal Projects/MyProject10/Content/Characters/Mannequins/Rigs/Poses/Manny/Manny_foot_l_pose.uexp" 750
"C:/Users/qpkgo/Documents/Unreal Projects/MyProject10/Content/Characters/Mannequins/Rigs/Poses/Manny/Manny_thigh_r_anim.uasset" 751
"C:/Users/qpkgo/Documents/Unreal Projects/MyProject10/Content/Characters/Mannequins/Rigs/Poses/Manny/Manny_thigh_r_anim.uexp" 752
"C:/Users/qpkgo/Documents/Unreal Projects/MyProject10/Content/Characters/Mannequins/Rigs/Poses/Manny/Manny_thigh_r_pose.uasset" 753
"C:/Users/qpkgo/Documents/Unreal Projects/MyProject10/Content/Characters/Mannequins/Rigs/Poses/Manny/Manny_thigh_r_pose.uexp" 754
"C:/Users/qpkgo/Documents/Unreal Projects/MyProject10/Content/Characters/Mannequins/Rigs/Poses/Manny/Manny_hand_r_anim.uasset" 755
"C:/Users/qpkgo/Documents/Unreal Projects/MyProject10/Content/Characters/Mannequins/Rigs/Poses/Manny/Manny_hand_r_anim.uexp" 756
"C:/Users/qpkgo/Documents/Unreal Projects/MyProject10/Content/Characters/Mannequins/Rigs/Poses/Manny/Manny_hand_r_pose.uasset" 757
"C:/Users/qpkgo/Documents/Unreal Projects/MyProject10/Content/Characters/Mannequins/Rigs/Poses/Manny/Manny_hand_r_pose.uexp" 758
"C:/Users/qpkgo/Documents/Unreal Projects/MyProject10/Content/Characters/Mannequins/Rigs/Poses/Manny/Manny_clavicle_l_anim.uasset" 759
"C:/Users/qpkgo/Documents/Unreal Projects/MyProject10/Content/Characters/Mannequins/Rigs/Poses/Manny/Manny_clavicle_l_anim.uexp" 760
"C:/Users/qpkgo/Documents/Unreal Projects/MyProject10/Content/Characters/Mannequins/Rigs/Poses/Manny/Manny_clavicle_l_pose.uasset" 761
"C:/Users/qpkgo/Documents/Unreal Projects/MyProject10/Content/Characters/Mannequins/Rigs/Poses/Manny/Manny_clavicle_l_pose.uexp" 762
"C:/Users/qpkgo/Documents/Unreal Projects/MyProject10/Content/Characters/Mannequins/Rigs/Poses/Manny/Manny_calf_l_anim.uasset" 763
"C:/Users/qpkgo/Documents/Unreal Projects/MyProject10/Content/Characters/Mannequins/Rigs/Poses/Manny/Manny_calf_l_anim.uexp" 764
"C:/Users/qpkgo/Documents/Unreal Projects/MyProject10/Content/Characters/Mannequins/Rigs/Poses/Manny/Manny_calf_l_pose.uasset" 765
"C:/Users/qpkgo/Documents/Unreal Projects/MyProject10/Content/Characters/Mannequins/Rigs/Poses/Manny/Manny_calf_l_pose.uexp" 766
"C:/Users/qpkgo/Documents/Unreal Projects/MyProject10/Content/Characters/Mannequins/Rigs/Poses/Manny/Manny_hand_l_anim.uasset" 767
"C:/Users/qpkgo/Documents/Unreal Projects/MyProject10/Content/Characters/Mannequins/Rigs/Poses/Manny/Manny_hand_l_anim.uexp" 768
"C:/Users/qpkgo/Documents/Unreal Projects/MyProject10/Content/Characters/Mannequins/Rigs/Poses/Manny/Manny_hand_l_pose.uasset" 769
"C:/Users/qpkgo/Documents/Unreal Projects/MyProject10/Content/Characters/Mannequins/Rigs/Poses/Manny/Manny_hand_l_pose.uexp" 770
"C:/Users/qpkgo/Documents/Unreal Projects/MyProject10/Content/Characters/Mannequins/Rigs/CR_Mannequin_Procedural.uasset" 771
"C:/Users/qpkgo/Documents/Unreal Projects/MyProject10/Content/Characters/Mannequins/Rigs/CR_Mannequin_Procedural.uexp" 772
"C:/Users/qpkgo/Documents/Unreal Projects/MyProject10/Content/Characters/Mannequins/Rigs/Poses/Manny/Manny_upperarm_r_anim.uasset" 773
"C:/Users/qpkgo/Documents/Unreal Projects/MyProject10/Content/Characters/Mannequins/Rigs/Poses/Manny/Manny_upperarm_r_anim.uexp" 774
"C:/Users/qpkgo/Documents/Unreal Projects/MyProject10/Content/Characters/Mannequins/Rigs/Poses/Manny/Manny_upperarm_r_pose.uasset" 775
"C:/Users/qpkgo/Documents/Unreal Projects/MyProject10/Content/Characters/Mannequins/Rigs/Poses/Manny/Manny_upperarm_r_pose.uexp" 776
"C:/Users/qpkgo/Documents/Unreal Projects/MyProject10/Content/Characters/Mannequins/Rigs/Poses/Manny/Manny_lowerarm_r_anim.uasset" 777
"C:/Users/qpkgo/Documents/Unreal Projects/MyProject10/Content/Characters/Mannequins/Rigs/Poses/Manny/Manny_lowerarm_r_anim.uexp" 778
"C:/Users/qpkgo/Documents/Unreal Projects/MyProject10/Content/Characters/Mannequins/Rigs/Poses/Manny/Manny_lowerarm_r_pose.uasset" 779
"C:/Users/qpkgo/Documents/Unreal Projects/MyProject10/Content/Characters/Mannequins/Rigs/Poses/Manny/Manny_lowerarm_r_pose.uexp" 780
"C:/Users/qpkgo/Documents/Unreal Projects/MyProject10/Content/Characters/Mannequins/Rigs/Poses/Manny/Manny_calf_r_anim.uasset" 781
"C:/Users/qpkgo/Documents/Unreal Projects/MyProject10/Content/Characters/Mannequins/Rigs/Poses/Manny/Manny_calf_r_anim.uexp" 782
"C:/Users/qpkgo/Documents/Unreal Projects/MyProject10/Content/Characters/Mannequins/Rigs/Poses/Manny/Manny_calf_r_pose.uasset" 783
"C:/Users/qpkgo/Documents/Unreal Projects/MyProject10/Content/Characters/Mannequins/Rigs/Poses/Manny/Manny_calf_r_pose.uexp" 784
"C:/Users/qpkgo/Documents/Unreal Projects/MyProject10/Content/Characters/Mannequins/Rigs/Poses/Manny/Manny_foot_r_anim.uasset" 785
"C:/Users/qpkgo/Documents/Unreal Projects/MyProject10/Content/Characters/Mannequins/Rigs/Poses/Manny/Manny_foot_r_anim.uexp" 786
"C:/Users/qpkgo/Documents/Unreal Projects/MyProject10/Content/Characters/Mannequins/Rigs/Poses/Manny/Manny_foot_r_pose.uasset" 787
"C:/Users/qpkgo/Documents/Unreal Projects/MyProject10/Content/Characters/Mannequins/Rigs/Poses/Manny/Manny_foot_r_pose.uexp" 788
"C:/Users/qpkgo/Documents/Unreal Projects/MyProject10/Content/Characters/Mannequins/Rigs/Poses/Manny/Manny_lowerarm_l_anim.uasset" 789
"C:/Users/qpkgo/Documents/Unreal Projects/MyProject10/Content/Characters/Mannequins/Rigs/Poses/Manny/Manny_lowerarm_l_anim.uexp" 790
"C:/Users/qpkgo/Documents/Unreal Projects/MyProject10/Content/Characters/Mannequins/Rigs/Poses/Manny/Manny_lowerarm_l_pose.uasset" 791
"C:/Users/qpkgo/Documents/Unreal Projects/MyProject10/Content/Characters/Mannequins/Rigs/Poses/Manny/Manny_lowerarm_l_pose.uexp" 792
"C:/Users/qpkgo/Documents/Unreal Projects/MyProject10/Content/Characters/Mannequins/Rigs/Poses/Manny/Manny_clavicle_r_anim.uasset" 793
"C:/Users/qpkgo/Documents/Unreal Projects/MyProject10/Content/Characters/Mannequins/Rigs/Poses/Manny/Manny_clavicle_r_anim.uexp" 794
"C:/Users/qpkgo/Documents/Unreal Projects/MyProject10/Content/Characters/Mannequins/Rigs/Poses/Manny/Manny_clavicle_r_pose.uasset" 795
"C:/Users/qpkgo/Documents/Unreal Projects/MyProject10/Content/Characters/Mannequins/Rigs/Poses/Manny/Manny_clavicle_r_pose.uexp" 796
"C:/Users/qpkgo/Documents/Unreal Projects/MyProject10/Content/Characters/Mannequins/Rigs/Poses/Manny/Manny_thigh_l_anim.uasset" 797
"C:/Users/qpkgo/Documents/Unreal Projects/MyProject10/Content/Characters/Mannequins/Rigs/Poses/Manny/Manny_thigh_l_anim.uexp" 798
"C:/Users/qpkgo/Documents/Unreal Projects/MyProject10/Content/Characters/Mannequins/Rigs/Poses/Manny/Manny_thigh_l_pose.uasset" 799
"C:/Users/qpkgo/Documents/Unreal Projects/MyProject10/Content/Characters/Mannequins/Rigs/Poses/Manny/Manny_thigh_l_pose.uexp" 800
"C:/Users/qpkgo/Documents/Unreal Projects/MyProject10/Content/Characters/Mannequins/Rigs/Poses/Manny/Manny_upperarm_l_anim.uasset" 801
"C:/Users/qpkgo/Documents/Unreal Projects/MyProject10/Content/Characters/Mannequins/Rigs/Poses/Manny/Manny_upperarm_l_anim.uexp" 802
"C:/Users/qpkgo/Documents/Unreal Projects/MyProject10/Content/Characters/Mannequins/Rigs/Poses/Manny/Manny_upperarm_l_pose.uasset" 803
"C:/Users/qpkgo/Documents/Unreal Projects/MyProject10/Content/Characters/Mannequins/Rigs/Poses/Manny/Manny_upperarm_l_pose.uexp" 804
"C:/Users/qpkgo/Documents/Unreal Projects/MyProject10/Content/Characters/Mannequins/Rigs/ABP_Manny_PostProcess.uasset" 805
"C:/Users/qpkgo/Documents/Unreal Projects/MyProject10/Content/Characters/Mannequins/Rigs/ABP_Manny_PostProcess.uexp" 806
"C:/Users/qpkgo/Documents/Unreal Projects/MyProject10/Content/Characters/Mannequins/Textures/Manny/T_Manny_02_MSR_MSK.ubulk" 807
"C:/Users/qpkgo/Documents/Unreal Projects/MyProject10/Content/Characters/Mannequins/Textures/Manny/T_Manny_02_MSR_MSK.uasset" 808
"C:/Users/qpkgo/Documents/Unreal Projects/MyProject10/Content/Characters/Mannequins/Textures/Manny/T_Manny_02_MSR_MSK.uexp" 809
"C:/Users/qpkgo/Documents/Unreal Projects/MyProject10/Content/Characters/Mannequins/Textures/Manny/T_Manny_02_CCRCCPlastic_MSK.ubulk" 810
"C:/Users/qpkgo/Documents/Unreal Projects/MyProject10/Content/Characters/Mannequins/Textures/Manny/T_Manny_02_CCRCCPlastic_MSK.uasset" 811
"C:/Users/qpkgo/Documents/Unreal Projects/MyProject10/Content/Characters/Mannequins/Textures/Manny/T_Manny_02_CCRCCPlastic_MSK.uexp" 812
"C:/Users/qpkgo/Documents/Unreal Projects/MyProject10/Content/Characters/Mannequins/Textures/Manny/T_Manny_02_Tan.ubulk" 813
"C:/Users/qpkgo/Documents/Unreal Projects/MyProject10/Content/Characters/Mannequins/Textures/Manny/T_Manny_02_Tan.uasset" 814
"C:/Users/qpkgo/Documents/Unreal Projects/MyProject10/Content/Characters/Mannequins/Textures/Manny/T_Manny_02_Tan.uexp" 815
"C:/Users/qpkgo/Documents/Unreal Projects/MyProject10/Content/Characters/Mannequins/Textures/Manny/T_Manny_02_N.ubulk" 816
"C:/Users/qpkgo/Documents/Unreal Projects/MyProject10/Content/Characters/Mannequins/Textures/Manny/T_Manny_02_N.uasset" 817
"C:/Users/qpkgo/Documents/Unreal Projects/MyProject10/Content/Characters/Mannequins/Textures/Manny/T_Manny_02_N.uexp" 818
"C:/Users/qpkgo/Documents/Unreal Projects/MyProject10/Content/Characters/Mannequins/Materials/Instances/Manny/MI_Manny_01.uasset" 819
"C:/Users/qpkgo/Documents/Unreal Projects/MyProject10/Content/Characters/Mannequins/Materials/Instances/Manny/MI_Manny_01.uexp" 820
"C:/Users/qpkgo/Documents/Unreal Projects/MyProject10/Content/Characters/Mannequins/Textures/Manny/T_Manny_02_BN.ubulk" 821
"C:/Users/qpkgo/Documents/Unreal Projects/MyProject10/Content/Characters/Mannequins/Textures/Manny/T_Manny_02_BN.uasset" 822
"C:/Users/qpkgo/Documents/Unreal Projects/MyProject10/Content/Characters/Mannequins/Textures/Manny/T_Manny_02_BN.uexp" 823
"C:/Users/qpkgo/Documents/Unreal Projects/MyProject10/Content/Characters/Mannequins/Textures/Manny/T_Manny_02_ASAOPMASK_MSK.ubulk" 824
"C:/Users/qpkgo/Documents/Unreal Projects/MyProject10/Content/Characters/Mannequins/Textures/Manny/T_Manny_02_ASAOPMASK_MSK.uasset" 825
"C:/Users/qpkgo/Documents/Unreal Projects/MyProject10/Content/Characters/Mannequins/Textures/Manny/T_Manny_02_ASAOPMASK_MSK.uexp" 826
"C:/Users/qpkgo/Documents/Unreal Projects/MyProject10/Content/Characters/Mannequins/Textures/Manny/T_Manny_02_D.ubulk" 827
"C:/Users/qpkgo/Documents/Unreal Projects/MyProject10/Content/Characters/Mannequins/Textures/Manny/T_Manny_02_D.uasset" 828
"C:/Users/qpkgo/Documents/Unreal Projects/MyProject10/Content/Characters/Mannequins/Textures/Manny/T_Manny_02_D.uexp" 829
"C:/Users/qpkgo/Documents/Unreal Projects/MyProject10/Content/Characters/Mannequins/Materials/Instances/Manny/MI_Manny_02.uasset" 830
"C:/Users/qpkgo/Documents/Unreal Projects/MyProject10/Content/Characters/Mannequins/Materials/Instances/Manny/MI_Manny_02.uexp" 831
"C:/Users/qpkgo/Documents/Unreal Projects/MyProject10/Content/Characters/Mannequins/Meshes/SKM_Manny.uasset" 832
"C:/Users/qpkgo/Documents/Unreal Projects/MyProject10/Content/Characters/Mannequins/Meshes/SKM_Manny.uexp" 833
"C:/Users/qpkgo/Documents/Unreal Projects/MyProject10/Content/Characters/Mannequin_UE4/Textures/T_UELogo_N_TGA.ubulk" 834
"C:/Users/qpkgo/Documents/Unreal Projects/MyProject10/Content/Characters/Mannequin_UE4/Textures/T_UELogo_N_TGA.uasset" 835
"C:/Users/qpkgo/Documents/Unreal Projects/MyProject10/Content/Characters/Mannequin_UE4/Textures/T_UELogo_N_TGA.uexp" 836
"C:/Users/qpkgo/Documents/Unreal Projects/MyProject10/Content/Characters/Mannequin_UE4/Textures/T_UE4_Mannequin__normals.ubulk" 837
"C:/Users/qpkgo/Documents/Unreal Projects/MyProject10/Content/Characters/Mannequin_UE4/Textures/T_UE4_Mannequin__normals.uasset" 838
"C:/Users/qpkgo/Documents/Unreal Projects/MyProject10/Content/Characters/Mannequin_UE4/Textures/T_UE4_Mannequin__normals.uexp" 839
"C:/Users/qpkgo/Documents/Unreal Projects/MyProject10/Content/Characters/Mannequin_UE4/Materials/Layers/ML_ShinyPlastic_Beige.uasset" 840
"C:/Users/qpkgo/Documents/Unreal Projects/MyProject10/Content/Characters/Mannequin_UE4/Materials/Layers/ML_ShinyPlastic_Beige.uexp" 841
"../../../Engine/Content/Functions/Engine_MaterialFunctions02/Utility/BlendAngleCorrectedNormals.uasset" 842
"../../../Engine/Content/Functions/Engine_MaterialFunctions02/Utility/BlendAngleCorrectedNormals.uexp" 843
"../../../Engine/Content/Functions/MaterialLayerFunctions/MatLayerBlend_NormalBlend.uasset" 844
"../../../Engine/Content/Functions/MaterialLayerFunctions/MatLayerBlend_NormalBlend.uexp" 845
"C:/Users/qpkgo/Documents/Unreal Projects/MyProject10/Content/Characters/Mannequin_UE4/Textures/T_UELogo_Mask.ubulk" 846
"C:/Users/qpkgo/Documents/Unreal Projects/MyProject10/Content/Characters/Mannequin_UE4/Textures/T_UELogo_Mask.uasset" 847
"C:/Users/qpkgo/Documents/Unreal Projects/MyProject10/Content/Characters/Mannequin_UE4/Textures/T_UELogo_Mask.uexp" 848
"C:/Users/qpkgo/Documents/Unreal Projects/MyProject10/Content/Characters/Mannequin_UE4/Materials/Layers/ML_ShinyPlastic_Beige_Logo.uasset" 849
"C:/Users/qpkgo/Documents/Unreal Projects/MyProject10/Content/Characters/Mannequin_UE4/Materials/Layers/ML_ShinyPlastic_Beige_Logo.uexp" 850
"C:/Users/qpkgo/Documents/Unreal Projects/MyProject10/Content/Characters/Mannequin_UE4/Textures/T_UE4_Mannequin_MAT_MASKA.ubulk" 851
"C:/Users/qpkgo/Documents/Unreal Projects/MyProject10/Content/Characters/Mannequin_UE4/Textures/T_UE4_Mannequin_MAT_MASKA.uasset" 852
"C:/Users/qpkgo/Documents/Unreal Projects/MyProject10/Content/Characters/Mannequin_UE4/Textures/T_UE4_Mannequin_MAT_MASKA.uexp" 853
"C:/Users/qpkgo/Documents/Unreal Projects/MyProject10/Content/Characters/Mannequin_UE4/Textures/T_ML_Aluminum01_N.ubulk" 854
"C:/Users/qpkgo/Documents/Unreal Projects/MyProject10/Content/Characters/Mannequin_UE4/Textures/T_ML_Aluminum01_N.uasset" 855
"C:/Users/qpkgo/Documents/Unreal Projects/MyProject10/Content/Characters/Mannequin_UE4/Textures/T_ML_Aluminum01_N.uexp" 856
"C:/Users/qpkgo/Documents/Unreal Projects/MyProject10/Content/Characters/Mannequin_UE4/Textures/T_ML_Aluminum01.ubulk" 857
"C:/Users/qpkgo/Documents/Unreal Projects/MyProject10/Content/Characters/Mannequin_UE4/Textures/T_ML_Aluminum01.uasset" 858
"C:/Users/qpkgo/Documents/Unreal Projects/MyProject10/Content/Characters/Mannequin_UE4/Textures/T_ML_Aluminum01.uexp" 859
"C:/Users/qpkgo/Documents/Unreal Projects/MyProject10/Content/Characters/Mannequin_UE4/Materials/Layers/ML_SoftMetal.uasset" 860
"C:/Users/qpkgo/Documents/Unreal Projects/MyProject10/Content/Characters/Mannequin_UE4/Materials/Layers/ML_SoftMetal.uexp" 861
"../../../Engine/Content/Functions/MaterialLayerFunctions/MatLayerBlend_Simple.uasset" 862
"../../../Engine/Content/Functions/MaterialLayerFunctions/MatLayerBlend_Simple.uexp" 863
"C:/Users/qpkgo/Documents/Unreal Projects/MyProject10/Content/Characters/Mannequin_UE4/Textures/T_ML_Rubber_Blue_01_N.ubulk" 864
"C:/Users/qpkgo/Documents/Unreal Projects/MyProject10/Content/Characters/Mannequin_UE4/Textures/T_ML_Rubber_Blue_01_N.uasset" 865
"C:/Users/qpkgo/Documents/Unreal Projects/MyProject10/Content/Characters/Mannequin_UE4/Textures/T_ML_Rubber_Blue_01_N.uexp" 866
"C:/Users/qpkgo/Documents/Unreal Projects/MyProject10/Content/Characters/Mannequin_UE4/Textures/T_ML_Rubber_Blue_01_D.ubulk" 867
"C:/Users/qpkgo/Documents/Unreal Projects/MyProject10/Content/Characters/Mannequin_UE4/Textures/T_ML_Rubber_Blue_01_D.uasset" 868
"C:/Users/qpkgo/Documents/Unreal Projects/MyProject10/Content/Characters/Mannequin_UE4/Textures/T_ML_Rubber_Blue_01_D.uexp" 869
"C:/Users/qpkgo/Documents/Unreal Projects/MyProject10/Content/Characters/Mannequin_UE4/Materials/Layers/ML_Latex_Black.uasset" 870
"C:/Users/qpkgo/Documents/Unreal Projects/MyProject10/Content/Characters/Mannequin_UE4/Materials/Layers/ML_Latex_Black.uexp" 871
"C:/Users/qpkgo/Documents/Unreal Projects/MyProject10/Content/Characters/Mannequin_UE4/Materials/M_MannequinUE4_Body.uasset" 872
"C:/Users/qpkgo/Documents/Unreal Projects/MyProject10/Content/Characters/Mannequin_UE4/Materials/M_MannequinUE4_Body.uexp" 873
"C:/Users/qpkgo/Documents/Unreal Projects/MyProject10/Content/Characters/Mannequin_UE4/Materials/M_MannequinUE4_ChestLogo.uasset" 874
"C:/Users/qpkgo/Documents/Unreal Projects/MyProject10/Content/Characters/Mannequin_UE4/Materials/M_MannequinUE4_ChestLogo.uexp" 875
"C:/Users/qpkgo/Documents/Unreal Projects/MyProject10/Content/Characters/Mannequin_UE4/Meshes/SK_Mannequin_PhysicsAsset.uasset" 876
"C:/Users/qpkgo/Documents/Unreal Projects/MyProject10/Content/Characters/Mannequin_UE4/Meshes/SK_Mannequin_PhysicsAsset.uexp" 877
"C:/Users/qpkgo/Documents/Unreal Projects/MyProject10/Content/Characters/Mannequin_UE4/Meshes/SK_Mannequin_Skeleton.uasset" 878
"C:/Users/qpkgo/Documents/Unreal Projects/MyProject10/Content/Characters/Mannequin_UE4/Meshes/SK_Mannequin_Skeleton.uexp" 879
"C:/Users/qpkgo/Documents/Unreal Projects/MyProject10/Content/Characters/Mannequin_UE4/Meshes/SK_Mannequin.uasset" 880
"C:/Users/qpkgo/Documents/Unreal Projects/MyProject10/Content/Characters/Mannequin_UE4/Meshes/SK_Mannequin.uexp" 881
"C:/Users/qpkgo/Documents/Unreal Projects/MyProject10/Content/Characters/Mannequins/Meshes/SKM_Manny_Simple.uasset" 882
"C:/Users/qpkgo/Documents/Unreal Projects/MyProject10/Content/Characters/Mannequins/Meshes/SKM_Manny_Simple.uexp" 883
"C:/Users/qpkgo/Documents/Unreal Projects/MyProject10/Content/Characters/Mannequin_UE4/Rigs/RTG_UE5Manny_UE4Manny.uasset" 884
"C:/Users/qpkgo/Documents/Unreal Projects/MyProject10/Content/Characters/Mannequin_UE4/Rigs/RTG_UE5Manny_UE4Manny.uexp" 885
"C:/Users/qpkgo/Documents/Unreal Projects/MyProject10/Content/Characters/Mannequin_UE4/Rigs/RTG_UE4Manny_UE5Manny.uasset" 886
"C:/Users/qpkgo/Documents/Unreal Projects/MyProject10/Content/Characters/Mannequin_UE4/Rigs/RTG_UE4Manny_UE5Manny.uexp" 887
"C:/Users/qpkgo/Documents/Unreal Projects/MyProject10/Content/Characters/Mannequin_UE4/Rigs/IK_UE4_Mannequin.uasset" 888
"C:/Users/qpkgo/Documents/Unreal Projects/MyProject10/Content/Characters/Mannequin_UE4/Rigs/IK_UE4_Mannequin.uexp" 889
"C:/Users/qpkgo/Documents/Unreal Projects/MyProject10/Content/Characters/Mannequin_UE4/Animations/Jog_Fwd.uasset" 890
"C:/Users/qpkgo/Documents/Unreal Projects/MyProject10/Content/Characters/Mannequin_UE4/Animations/Jog_Fwd.uexp" 891
"C:/Users/qpkgo/Documents/Unreal Projects/MyProject10/Content/Characters/Mannequins/Rigs/RTG_Mannequin.uasset" 892
"C:/Users/qpkgo/Documents/Unreal Projects/MyProject10/Content/Characters/Mannequins/Rigs/RTG_Mannequin.uexp" 893
"C:/Users/qpkgo/Documents/Unreal Projects/MyProject10/Content/Characters/Mannequins/Rigs/IK_Mannequin.uasset" 894
"C:/Users/qpkgo/Documents/Unreal Projects/MyProject10/Content/Characters/Mannequins/Rigs/IK_Mannequin.uexp" 895
"../../../Engine/Plugins/Animation/ControlRig/Content/Controls/DefaultGizmoLibraryNormalized.uasset" 896
"../../../Engine/Plugins/Animation/ControlRig/Content/Controls/DefaultGizmoLibraryNormalized.uexp" 897
"C:/Users/qpkgo/Documents/Unreal Projects/MyProject10/Content/Characters/Mannequins/Rigs/CR_Mannequin_Body.uasset" 898
"C:/Users/qpkgo/Documents/Unreal Projects/MyProject10/Content/Characters/Mannequins/Rigs/CR_Mannequin_Body.uexp" 899
"C:/Users/qpkgo/Documents/Unreal Projects/MyProject10/Content/Characters/Mannequins/Rigs/Poses/Quinn/Quinn_foot_l_anim.uasset" 900
"C:/Users/qpkgo/Documents/Unreal Projects/MyProject10/Content/Characters/Mannequins/Rigs/Poses/Quinn/Quinn_foot_l_anim.uexp" 901
"C:/Users/qpkgo/Documents/Unreal Projects/MyProject10/Content/Characters/Mannequins/Rigs/Poses/Quinn/Quinn_foot_l_pose.uasset" 902
"C:/Users/qpkgo/Documents/Unreal Projects/MyProject10/Content/Characters/Mannequins/Rigs/Poses/Quinn/Quinn_foot_l_pose.uexp" 903
"C:/Users/qpkgo/Documents/Unreal Projects/MyProject10/Content/Characters/Mannequins/Rigs/Poses/Quinn/Quinn_clavicle_l_anim.uasset" 904
"C:/Users/qpkgo/Documents/Unreal Projects/MyProject10/Content/Characters/Mannequins/Rigs/Poses/Quinn/Quinn_clavicle_l_anim.uexp" 905
"C:/Users/qpkgo/Documents/Unreal Projects/MyProject10/Content/Characters/Mannequins/Rigs/Poses/Quinn/Quinn_clavicle_l_pose.uasset" 906
"C:/Users/qpkgo/Documents/Unreal Projects/MyProject10/Content/Characters/Mannequins/Rigs/Poses/Quinn/Quinn_clavicle_l_pose.uexp" 907
"C:/Users/qpkgo/Documents/Unreal Projects/MyProject10/Content/Characters/Mannequins/Rigs/Poses/Quinn/Quinn_clavicle_r_anim.uasset" 908
"C:/Users/qpkgo/Documents/Unreal Projects/MyProject10/Content/Characters/Mannequins/Rigs/Poses/Quinn/Quinn_clavicle_r_anim.uexp" 909
"C:/Users/qpkgo/Documents/Unreal Projects/MyProject10/Content/Characters/Mannequins/Rigs/Poses/Quinn/Quinn_clavicle_r_pose.uasset" 910
"C:/Users/qpkgo/Documents/Unreal Projects/MyProject10/Content/Characters/Mannequins/Rigs/Poses/Quinn/Quinn_clavicle_r_pose.uexp" 911
"C:/Users/qpkgo/Documents/Unreal Projects/MyProject10/Content/Characters/Mannequins/Rigs/Poses/Quinn/Quinn_upperarm_l_anim.uasset" 912
"C:/Users/qpkgo/Documents/Unreal Projects/MyProject10/Content/Characters/Mannequins/Rigs/Poses/Quinn/Quinn_upperarm_l_anim.uexp" 913
"C:/Users/qpkgo/Documents/Unreal Projects/MyProject10/Content/Characters/Mannequins/Rigs/Poses/Quinn/Quinn_upperarm_l_pose.uasset" 914
"C:/Users/qpkgo/Documents/Unreal Projects/MyProject10/Content/Characters/Mannequins/Rigs/Poses/Quinn/Quinn_upperarm_l_pose.uexp" 915
"C:/Users/qpkgo/Documents/Unreal Projects/MyProject10/Content/Characters/Mannequins/Rigs/Poses/Quinn/Quinn_lowerarm_l_anim.uasset" 916
"C:/Users/qpkgo/Documents/Unreal Projects/MyProject10/Content/Characters/Mannequins/Rigs/Poses/Quinn/Quinn_lowerarm_l_anim.uexp" 917
"C:/Users/qpkgo/Documents/Unreal Projects/MyProject10/Content/Characters/Mannequins/Rigs/Poses/Quinn/Quinn_lowerarm_l_pose.uasset" 918
"C:/Users/qpkgo/Documents/Unreal Projects/MyProject10/Content/Characters/Mannequins/Rigs/Poses/Quinn/Quinn_lowerarm_l_pose.uexp" 919
"C:/Users/qpkgo/Documents/Unreal Projects/MyProject10/Content/Characters/Mannequins/Rigs/Poses/Quinn/Quinn_calf_l_anim.uasset" 920
"C:/Users/qpkgo/Documents/Unreal Projects/MyProject10/Content/Characters/Mannequins/Rigs/Poses/Quinn/Quinn_calf_l_anim.uexp" 921
"C:/Users/qpkgo/Documents/Unreal Projects/MyProject10/Content/Characters/Mannequins/Rigs/Poses/Quinn/Quinn_calf_l_pose.uasset" 922
"C:/Users/qpkgo/Documents/Unreal Projects/MyProject10/Content/Characters/Mannequins/Rigs/Poses/Quinn/Quinn_calf_l_pose.uexp" 923
"C:/Users/qpkgo/Documents/Unreal Projects/MyProject10/Content/Characters/Mannequins/Rigs/Poses/Quinn/Quinn_upperarm_r_anim.uasset" 924
"C:/Users/qpkgo/Documents/Unreal Projects/MyProject10/Content/Characters/Mannequins/Rigs/Poses/Quinn/Quinn_upperarm_r_anim.uexp" 925
"C:/Users/qpkgo/Documents/Unreal Projects/MyProject10/Content/Characters/Mannequins/Rigs/Poses/Quinn/Quinn_upperarm_r_pose.uasset" 926
"C:/Users/qpkgo/Documents/Unreal Projects/MyProject10/Content/Characters/Mannequins/Rigs/Poses/Quinn/Quinn_upperarm_r_pose.uexp" 927
"C:/Users/qpkgo/Documents/Unreal Projects/MyProject10/Content/Characters/Mannequins/Rigs/Poses/Quinn/Quinn_calf_r_anim.uasset" 928
"C:/Users/qpkgo/Documents/Unreal Projects/MyProject10/Content/Characters/Mannequins/Rigs/Poses/Quinn/Quinn_calf_r_anim.uexp" 929
"C:/Users/qpkgo/Documents/Unreal Projects/MyProject10/Content/Characters/Mannequins/Rigs/Poses/Quinn/Quinn_calf_r_pose.uasset" 930
"C:/Users/qpkgo/Documents/Unreal Projects/MyProject10/Content/Characters/Mannequins/Rigs/Poses/Quinn/Quinn_calf_r_pose.uexp" 931
"C:/Users/qpkgo/Documents/Unreal Projects/MyProject10/Content/Characters/Mannequins/Rigs/Poses/Quinn/Quinn_foot_r_anim.uasset" 932
"C:/Users/qpkgo/Documents/Unreal Projects/MyProject10/Content/Characters/Mannequins/Rigs/Poses/Quinn/Quinn_foot_r_anim.uexp" 933
"C:/Users/qpkgo/Documents/Unreal Projects/MyProject10/Content/Characters/Mannequins/Rigs/Poses/Quinn/Quinn_foot_r_pose.uasset" 934
"C:/Users/qpkgo/Documents/Unreal Projects/MyProject10/Content/Characters/Mannequins/Rigs/Poses/Quinn/Quinn_foot_r_pose.uexp" 935
"C:/Users/qpkgo/Documents/Unreal Projects/MyProject10/Content/Characters/Mannequins/Rigs/Poses/Quinn/Quinn_lowerarm_r_anim.uasset" 936
"C:/Users/qpkgo/Documents/Unreal Projects/MyProject10/Content/Characters/Mannequins/Rigs/Poses/Quinn/Quinn_lowerarm_r_anim.uexp" 937
"C:/Users/qpkgo/Documents/Unreal Projects/MyProject10/Content/Characters/Mannequins/Rigs/Poses/Quinn/Quinn_lowerarm_r_pose.uasset" 938
"C:/Users/qpkgo/Documents/Unreal Projects/MyProject10/Content/Characters/Mannequins/Rigs/Poses/Quinn/Quinn_lowerarm_r_pose.uexp" 939
"C:/Users/qpkgo/Documents/Unreal Projects/MyProject10/Content/Characters/Mannequins/Rigs/Poses/Quinn/Quinn_thigh_l_anim.uasset" 940
"C:/Users/qpkgo/Documents/Unreal Projects/MyProject10/Content/Characters/Mannequins/Rigs/Poses/Quinn/Quinn_thigh_l_anim.uexp" 941
"C:/Users/qpkgo/Documents/Unreal Projects/MyProject10/Content/Characters/Mannequins/Rigs/Poses/Quinn/Quinn_thigh_l_pose.uasset" 942
"C:/Users/qpkgo/Documents/Unreal Projects/MyProject10/Content/Characters/Mannequins/Rigs/Poses/Quinn/Quinn_thigh_l_pose.uexp" 943
"C:/Users/qpkgo/Documents/Unreal Projects/MyProject10/Content/Characters/Mannequins/Rigs/Poses/Quinn/Quinn_thigh_r_anim.uasset" 944
"C:/Users/qpkgo/Documents/Unreal Projects/MyProject10/Content/Characters/Mannequins/Rigs/Poses/Quinn/Quinn_thigh_r_anim.uexp" 945
"C:/Users/qpkgo/Documents/Unreal Projects/MyProject10/Content/Characters/Mannequins/Rigs/Poses/Quinn/Quinn_thigh_r_pose.uasset" 946
"C:/Users/qpkgo/Documents/Unreal Projects/MyProject10/Content/Characters/Mannequins/Rigs/Poses/Quinn/Quinn_thigh_r_pose.uexp" 947
"C:/Users/qpkgo/Documents/Unreal Projects/MyProject10/Content/Characters/Mannequins/Rigs/Poses/Quinn/Quinn_hand_l_anim.uasset" 948
"C:/Users/qpkgo/Documents/Unreal Projects/MyProject10/Content/Characters/Mannequins/Rigs/Poses/Quinn/Quinn_hand_l_anim.uexp" 949
"C:/Users/qpkgo/Documents/Unreal Projects/MyProject10/Content/Characters/Mannequins/Rigs/Poses/Quinn/Quinn_hand_l_pose.uasset" 950
"C:/Users/qpkgo/Documents/Unreal Projects/MyProject10/Content/Characters/Mannequins/Rigs/Poses/Quinn/Quinn_hand_l_pose.uexp" 951
"C:/Users/qpkgo/Documents/Unreal Projects/MyProject10/Content/Characters/Mannequins/Rigs/Poses/Quinn/Quinn_hand_r_anim.uasset" 952
"C:/Users/qpkgo/Documents/Unreal Projects/MyProject10/Content/Characters/Mannequins/Rigs/Poses/Quinn/Quinn_hand_r_anim.uexp" 953
"C:/Users/qpkgo/Documents/Unreal Projects/MyProject10/Content/Characters/Mannequins/Rigs/Poses/Quinn/Quinn_hand_r_pose.uasset" 954
"C:/Users/qpkgo/Documents/Unreal Projects/MyProject10/Content/Characters/Mannequins/Rigs/Poses/Quinn/Quinn_hand_r_pose.uexp" 955
"C:/Users/qpkgo/Documents/Unreal Projects/MyProject10/Content/Characters/Mannequins/Rigs/ABP_Quinn_PostProcess.uasset" 956
"C:/Users/qpkgo/Documents/Unreal Projects/MyProject10/Content/Characters/Mannequins/Rigs/ABP_Quinn_PostProcess.uexp" 957
"C:/Users/qpkgo/Documents/Unreal Projects/MyProject10/Content/Characters/Mannequins/Meshes/SKM_Quinn.uasset" 958
"C:/Users/qpkgo/Documents/Unreal Projects/MyProject10/Content/Characters/Mannequins/Meshes/SKM_Quinn.uexp" 959
"C:/Users/qpkgo/Documents/Unreal Projects/MyProject10/Content/Characters/Mannequins/Meshes/Mannequin_LODSettings.uasset" 960
"C:/Users/qpkgo/Documents/Unreal Projects/MyProject10/Content/Characters/Mannequins/Meshes/Mannequin_LODSettings.uexp" 961
"../../../Engine/Content/Functions/Engine_MaterialFunctions01/Shading/PowerToRoughness.uasset" 962
"../../../Engine/Content/Functions/Engine_MaterialFunctions01/Shading/PowerToRoughness.uexp" 963
"../../../Engine/Content/Functions/Engine_MaterialFunctions01/Shading/ConvertFromDiffSpec.uasset" 964
"../../../Engine/Content/Functions/Engine_MaterialFunctions01/Shading/ConvertFromDiffSpec.uexp" 965
"C:/Users/qpkgo/Documents/Unreal Projects/MyProject10/Content/Characters/Mannequins/Animations/Manny/MM_T_Pose.uasset" 966
"C:/Users/qpkgo/Documents/Unreal Projects/MyProject10/Content/Characters/Mannequins/Animations/Manny/MM_T_Pose.uexp" 967
"C:/Users/qpkgo/Documents/Unreal Projects/MyProject10/Content/home_BuiltData.uasset" 968
"C:/Users/qpkgo/Documents/Unreal Projects/MyProject10/Content/home_BuiltData.uexp" 969
"C:/Users/qpkgo/Documents/Unreal Projects/MyProject10/Content/online_ui.uasset" 970
"C:/Users/qpkgo/Documents/Unreal Projects/MyProject10/Content/online_ui.uexp" 971
"C:/Users/qpkgo/Documents/Unreal Projects/MyProject10/Content/hud_start.uasset" 972
"C:/Users/qpkgo/Documents/Unreal Projects/MyProject10/Content/hud_start.uexp" 973
"C:/Users/qpkgo/Documents/Unreal Projects/MyProject10/Content/start.uasset" 974
"C:/Users/qpkgo/Documents/Unreal Projects/MyProject10/Content/start.uexp" 975
"C:/Users/qpkgo/Documents/Unreal Projects/MyProject10/Content/home.uexp" 976
"C:/Users/qpkgo/Documents/Unreal Projects/MyProject10/Content/home.umap" 977
"../../../Engine/Content/Maps/Entry_BuiltData.uasset" 978
"../../../Engine/Content/Maps/Entry_BuiltData.uexp" 979
"../../../Engine/Content/Maps/Entry.uexp" 980
"../../../Engine/Content/Maps/Entry.umap" 981
"../../../Engine/Content/Maps/Templates/HLODs/HLODLayer_Instanced.uasset" 982
"../../../Engine/Content/Maps/Templates/HLODs/HLODLayer_Instanced.uexp" 983
"C:/Users/qpkgo/Documents/Unreal Projects/MyProject10/Content/ThirdPerson/Maps/ThirdPersonMap.uexp" 984
"C:/Users/qpkgo/Documents/Unreal Projects/MyProject10/Content/ThirdPerson/Maps/ThirdPersonMap.umap" 985
